<?xml version="1.0" encoding="UTF-8"?>
<testsuites name="Publish and checking course" time="40.499" tests="6" failures="0" errors="0">
   <testsuite name="Publish and checking course" tests="6" failures="0" errors="0" time="40.499" timestamp="2019-11-15 22:08:17" hostname="macbookpro - mbp-macbook" id="Test Suites/Smoke test/Publish and checking course">
      <properties>
         <property name="deviceName" value=""/>
         <property name="devicePlatform" value=""/>
         <property name="logFolder" value="/Users/macbookpro/Documents/gurucan/katalon/gurucanweb/Reports/20191115_220815/Smoke test/Publish and checking course/20191115_220815"/>
         <property name="logFiles" value="/Users/macbookpro/Documents/gurucan/katalon/gurucanweb/Reports/20191115_220815/Smoke test/Publish and checking course/20191115_220815/execution0.log"/>
         <property name="attachments" value=""/>
         <property name="hostName" value="macbookpro - mbp-macbook"/>
         <property name="os" value="Mac OS X 64bit"/>
         <property name="katalonVersion" value="7.0.6.1"/>
         <property name="browser" value="Chrome 78.0.3904.97"/>
         <property name="hostAddress" value="192.168.1.38"/>
         <property name="sessionId" value="083556d22dad1506cef6b4f9e4fde667"/>
         <property name="seleniumVersion" value="3.141.59"/>
         <property name="proxyInformation" value="ProxyInformation{proxyOption=NO_PROXY, proxyServerType=HTTP, password=, proxyServerAddress=, proxyServerPort=0}"/>
         <property name="platform" value="Mac OS X"/>
      </properties>
      <testcase name="Test Cases/Client/login_client" time="14.067" classname="Test Cases/Client/login_client" status="PASSED">
         <system-out><![CDATA[2019-11-15 22:08:17 - [TEST_CASE][PASSED] - Test Cases/Client/login_client: Test Cases/Client/login_client

2019-11-15 22:08:18 - [TEST_STEP][PASSED] - openBrowser("https://app.staging.gurucan.ru/admin/login"): Browser is opened with url: 'https://app.staging.gurucan.ru/admin/login'

2019-11-15 22:08:18 - [MESSAGE][INFO] - Starting 'Chrome' driver

2019-11-15 22:08:18 - [MESSAGE][INFO] - Action delay is set to 0 seconds

2019-11-15 22:08:26 - [MESSAGE][PASSED] - Browser is opened with url: 'https://app.staging.gurucan.ru/admin/login'

2019-11-15 22:08:26 - [TEST_STEP][PASSED] - maximizeWindow(): Current window maximized

2019-11-15 22:08:27 - [MESSAGE][PASSED] - Current window maximized

2019-11-15 22:08:27 - [TEST_STEP][PASSED] - navigateToUrl("https://app.staging.gurucan.ru/admin/login"): Navigate to 'https://app.staging.gurucan.ru/admin/login' successfully

2019-11-15 22:08:28 - [MESSAGE][PASSED] - Navigate to 'https://app.staging.gurucan.ru/admin/login' successfully

2019-11-15 22:08:28 - [TEST_STEP][PASSED] - setText(findTestObject("Admin/Admin Login Page/login_email_field"), "fibe@simplemail.top"): Text 'fibe@simplemail.top' is set on object 'Object Repository/Admin/Admin Login Page/login_email_field'

2019-11-15 22:08:30 - [MESSAGE][PASSED] - Text 'fibe@simplemail.top' is set on object 'Object Repository/Admin/Admin Login Page/login_email_field'

2019-11-15 22:08:30 - [TEST_STEP][PASSED] - setEncryptedText(findTestObject("Admin/Admin Login Page/login_pass_field"), "8chwvGYzQjDjBqJR/GXC+g=="): Text ****** has been set on object 'Object Repository/Admin/Admin Login Page/login_pass_field'

2019-11-15 22:08:30 - [MESSAGE][PASSED] - Text ****** has been set on object 'Object Repository/Admin/Admin Login Page/login_pass_field'

2019-11-15 22:08:30 - [TEST_STEP][PASSED] - setText(findTestObject("Admin/Admin Login Page/login_domain_field"), "fibe"): Text 'fibe' is set on object 'Object Repository/Admin/Admin Login Page/login_domain_field'

2019-11-15 22:08:31 - [MESSAGE][PASSED] - Text 'fibe' is set on object 'Object Repository/Admin/Admin Login Page/login_domain_field'

2019-11-15 22:08:31 - [TEST_STEP][PASSED] - click(findTestObject("Admin/Admin Login Page/login_button")): Object: 'Object Repository/Admin/Admin Login Page/login_button' is clicked on

2019-11-15 22:08:31 - [MESSAGE][PASSED] - Object: 'Object Repository/Admin/Admin Login Page/login_button' is clicked on]]></system-out>
         <system-err><![CDATA[]]></system-err>
      </testcase>
      <testcase name="Test Cases/Client/First Quick Setup/course_fast_create" time="7.695" classname="Test Cases/Client/First Quick Setup/course_fast_create" status="PASSED">
         <system-out><![CDATA[2019-11-15 22:08:31 - [TEST_CASE][PASSED] - Test Cases/Client/First Quick Setup/course_fast_create: Test Cases/Client/First Quick Setup/course_fast_create

2019-11-15 22:08:32 - [TEST_STEP][PASSED] - click(findTestObject("Admin/Admin Sidebar Elements/wlcm_menu_link")): Object: 'Object Repository/Admin/Admin Sidebar Elements/wlcm_menu_link' is clicked on

2019-11-15 22:08:35 - [MESSAGE][PASSED] - Object: 'Object Repository/Admin/Admin Sidebar Elements/wlcm_menu_link' is clicked on

2019-11-15 22:08:35 - [TEST_STEP][PASSED] - click(findTestObject("Admin/Welcome Page/wlcm_first_course")): Object: 'Object Repository/Admin/Welcome Page/wlcm_first_course' is clicked on

2019-11-15 22:08:36 - [MESSAGE][PASSED] - Object: 'Object Repository/Admin/Welcome Page/wlcm_first_course' is clicked on

2019-11-15 22:08:36 - [TEST_STEP][PASSED] - click(findTestObject("Admin/Admin Sidebar Elements/Content Management/Courses/create_course_btn")): Object: 'Object Repository/Admin/Admin Sidebar Elements/Content Management/Courses/create_course_btn' is clicked on

2019-11-15 22:08:37 - [MESSAGE][PASSED] - Object: 'Object Repository/Admin/Admin Sidebar Elements/Content Management/Courses/create_course_btn' is clicked on

2019-11-15 22:08:37 - [TEST_STEP][PASSED] - setText(findTestObject("Admin/Admin Sidebar Elements/Content Management/Courses/course_name_field"), "Test course"): Text 'Test course' is set on object 'Object Repository/Admin/Admin Sidebar Elements/Content Management/Courses/course_name_field'

2019-11-15 22:08:38 - [MESSAGE][PASSED] - Text 'Test course' is set on object 'Object Repository/Admin/Admin Sidebar Elements/Content Management/Courses/course_name_field'

2019-11-15 22:08:38 - [TEST_STEP][PASSED] - click(findTestObject("Admin/Admin Sidebar Elements/Content Management/Courses/course_save_btn")): Object: 'Object Repository/Admin/Admin Sidebar Elements/Content Management/Courses/course_save_btn' is clicked on

2019-11-15 22:08:39 - [MESSAGE][PASSED] - Object: 'Object Repository/Admin/Admin Sidebar Elements/Content Management/Courses/course_save_btn' is clicked on]]></system-out>
         <system-err><![CDATA[]]></system-err>
      </testcase>
      <testcase name="Test Cases/Client/Manage content/Course/course_create_exercise" time="9.708" classname="Test Cases/Client/Manage content/Course/course_create_exercise" status="PASSED">
         <system-out><![CDATA[2019-11-15 22:08:39 - [TEST_CASE][PASSED] - Test Cases/Client/Manage content/Course/course_create_exercise: Test Cases/Client/Manage content/Course/course_create_exercise

2019-11-15 22:08:39 - [TEST_STEP][PASSED] - mouseOver(findTestObject("Admin/Admin Sidebar Elements/Content Management/Courses/course_create_new_task_btn")): Object: 'Object Repository/Admin/Admin Sidebar Elements/Content Management/Courses/course_create_new_task_btn' is hovered

2019-11-15 22:08:40 - [MESSAGE][PASSED] - Object: 'Object Repository/Admin/Admin Sidebar Elements/Content Management/Courses/course_create_new_task_btn' is hovered

2019-11-15 22:08:40 - [TEST_STEP][PASSED] - click(findTestObject("Admin/Admin Sidebar Elements/Content Management/Courses/Lesson/course_add_lesson_btn")): Object: 'Object Repository/Admin/Admin Sidebar Elements/Content Management/Courses/Lesson/course_add_lesson_btn' is clicked on

2019-11-15 22:08:40 - [MESSAGE][PASSED] - Object: 'Object Repository/Admin/Admin Sidebar Elements/Content Management/Courses/Lesson/course_add_lesson_btn' is clicked on

2019-11-15 22:08:40 - [TEST_STEP][PASSED] - setText(findTestObject("Admin/Admin Sidebar Elements/Content Management/Courses/Lesson/lesson_name_field"), "Exercise"): Text 'Exercise' is set on object 'Object Repository/Admin/Admin Sidebar Elements/Content Management/Courses/Lesson/lesson_name_field'

2019-11-15 22:08:41 - [MESSAGE][PASSED] - Text 'Exercise' is set on object 'Object Repository/Admin/Admin Sidebar Elements/Content Management/Courses/Lesson/lesson_name_field'

2019-11-15 22:08:41 - [TEST_STEP][PASSED] - click(findTestObject("Admin/Admin Sidebar Elements/Content Management/Courses/Lesson/lesson_add_block")): Object: 'Object Repository/Admin/Admin Sidebar Elements/Content Management/Courses/Lesson/lesson_add_block' is clicked on

2019-11-15 22:08:42 - [MESSAGE][PASSED] - Object: 'Object Repository/Admin/Admin Sidebar Elements/Content Management/Courses/Lesson/lesson_add_block' is clicked on

2019-11-15 22:08:42 - [TEST_STEP][PASSED] - click(findTestObject("Admin/Admin Sidebar Elements/Content Management/Courses/Lesson/lesson_add_block_youtube_btn")): Object: 'Object Repository/Admin/Admin Sidebar Elements/Content Management/Courses/Lesson/lesson_add_block_youtube_btn' is clicked on

2019-11-15 22:08:43 - [MESSAGE][PASSED] - Object: 'Object Repository/Admin/Admin Sidebar Elements/Content Management/Courses/Lesson/lesson_add_block_youtube_btn' is clicked on

2019-11-15 22:08:43 - [TEST_STEP][PASSED] - setText(findTestObject("Admin/Admin Sidebar Elements/Content Management/Courses/Lesson/lesson_block_youtube_link_field"), "https://www.youtube.com/watch?v=z5vA9CwZKNY"): Text 'https://www.youtube.com/watch?v=z5vA9CwZKNY' is set on object 'Object Repository/Admin/Admin Sidebar Elements/Content Management/Courses/Lesson/lesson_block_youtube_link_field'

2019-11-15 22:08:44 - [MESSAGE][PASSED] - Text 'https://www.youtube.com/watch?v=z5vA9CwZKNY' is set on object 'Object Repository/Admin/Admin Sidebar Elements/Content Management/Courses/Lesson/lesson_block_youtube_link_field'

2019-11-15 22:08:44 - [TEST_STEP][PASSED] - click(findTestObject("Admin/Admin Sidebar Elements/Content Management/Courses/Lesson/lesson_block_youtube_save_btn")): Object: 'Object Repository/Admin/Admin Sidebar Elements/Content Management/Courses/Lesson/lesson_block_youtube_save_btn' is clicked on

2019-11-15 22:08:45 - [MESSAGE][PASSED] - Object: 'Object Repository/Admin/Admin Sidebar Elements/Content Management/Courses/Lesson/lesson_block_youtube_save_btn' is clicked on

2019-11-15 22:08:45 - [TEST_STEP][PASSED] - click(findTestObject("Admin/Admin Sidebar Elements/Content Management/Courses/Lesson/lesson_publish_btn")): Object: 'Object Repository/Admin/Admin Sidebar Elements/Content Management/Courses/Lesson/lesson_publish_btn' is clicked on

2019-11-15 22:08:46 - [MESSAGE][PASSED] - Object: 'Object Repository/Admin/Admin Sidebar Elements/Content Management/Courses/Lesson/lesson_publish_btn' is clicked on

2019-11-15 22:08:46 - [TEST_STEP][PASSED] - click(findTestObject("Admin/Admin Sidebar Elements/Content Management/Courses/Lesson/lesson_breadcrumbs_back_to_course")): Object: 'Object Repository/Admin/Admin Sidebar Elements/Content Management/Courses/Lesson/lesson_breadcrumbs_back_to_course' is clicked on

2019-11-15 22:08:47 - [MESSAGE][PASSED] - Object: 'Object Repository/Admin/Admin Sidebar Elements/Content Management/Courses/Lesson/lesson_breadcrumbs_back_to_course' is clicked on

2019-11-15 22:08:47 - [TEST_STEP][PASSED] - click(findTestObject("Admin/Admin Sidebar Elements/Content Management/Courses/course_free_paid_switcher")): Object: 'Object Repository/Admin/Admin Sidebar Elements/Content Management/Courses/course_free_paid_switcher' is clicked on

2019-11-15 22:08:48 - [MESSAGE][PASSED] - Object: 'Object Repository/Admin/Admin Sidebar Elements/Content Management/Courses/course_free_paid_switcher' is clicked on

2019-11-15 22:08:48 - [TEST_STEP][PASSED] - click(findTestObject("Admin/Admin Sidebar Elements/Content Management/Courses/course_publish_btn")): Object: 'Object Repository/Admin/Admin Sidebar Elements/Content Management/Courses/course_publish_btn' is clicked on

2019-11-15 22:08:49 - [MESSAGE][PASSED] - Object: 'Object Repository/Admin/Admin Sidebar Elements/Content Management/Courses/course_publish_btn' is clicked on]]></system-out>
         <system-err><![CDATA[]]></system-err>
      </testcase>
      <testcase name="Test Cases/close_browser" time="0.324" classname="Test Cases/close_browser" status="PASSED">
         <system-out><![CDATA[2019-11-15 22:08:49 - [TEST_CASE][PASSED] - Test Cases/close_browser: Test Cases/close_browser

2019-11-15 22:08:49 - [TEST_STEP][PASSED] - closeBrowser(): Browser is closed

2019-11-15 22:08:49 - [MESSAGE][PASSED] - Browser is closed]]></system-out>
         <system-err><![CDATA[]]></system-err>
      </testcase>
      <testcase name="Test Cases/Customer/customer_login" time="6.679" classname="Test Cases/Customer/customer_login" status="PASSED">
         <system-out><![CDATA[2019-11-15 22:08:49 - [TEST_CASE][PASSED] - Test Cases/Customer/customer_login: Test Cases/Customer/customer_login

2019-11-15 22:08:49 - [TEST_STEP][PASSED] - openBrowser(""): Browser is opened with url: ''

2019-11-15 22:08:49 - [MESSAGE][INFO] - Starting 'Chrome' driver

2019-11-15 22:08:50 - [MESSAGE][PASSED] - Browser is opened with url: ''

2019-11-15 22:08:50 - [TEST_STEP][PASSED] - maximizeWindow(): Current window maximized

2019-11-15 22:08:50 - [MESSAGE][PASSED] - Current window maximized

2019-11-15 22:08:50 - [TEST_STEP][PASSED] - navigateToUrl("https://fibe.staging.gurucan.ru/"): Navigate to 'https://fibe.staging.gurucan.ru/' successfully

2019-11-15 22:08:52 - [MESSAGE][PASSED] - Navigate to 'https://fibe.staging.gurucan.ru/' successfully

2019-11-15 22:08:52 - [TEST_STEP][PASSED] - click(findTestObject("Customer/Lending page/lending_login_btn")): Object: 'Object Repository/Customer/Lending page/lending_login_btn' is clicked on

2019-11-15 22:08:54 - [MESSAGE][PASSED] - Object: 'Object Repository/Customer/Lending page/lending_login_btn' is clicked on

2019-11-15 22:08:54 - [TEST_STEP][PASSED] - setText(findTestObject("Customer/Lending page/login_page_email_field"), "repekel777@hideemail.net"): Text 'repekel777@hideemail.net' is set on object 'Object Repository/Customer/Lending page/login_page_email_field'

2019-11-15 22:08:55 - [MESSAGE][PASSED] - Text 'repekel777@hideemail.net' is set on object 'Object Repository/Customer/Lending page/login_page_email_field'

2019-11-15 22:08:55 - [TEST_STEP][PASSED] - setEncryptedText(findTestObject("Customer/Lending page/login_page_password_field"), "nbPRAawFRnE="): Text ****** has been set on object 'Object Repository/Customer/Lending page/login_page_password_field'

2019-11-15 22:08:55 - [MESSAGE][PASSED] - Text ****** has been set on object 'Object Repository/Customer/Lending page/login_page_password_field'

2019-11-15 22:08:55 - [TEST_STEP][PASSED] - click(findTestObject("Customer/Lending page/login_page_login_btn")): Object: 'Object Repository/Customer/Lending page/login_page_login_btn' is clicked on

2019-11-15 22:08:56 - [MESSAGE][PASSED] - Object: 'Object Repository/Customer/Lending page/login_page_login_btn' is clicked on]]></system-out>
         <system-err><![CDATA[]]></system-err>
      </testcase>
      <testcase name="Test Cases/Customer/checking_published_course" time="1.517" classname="Test Cases/Customer/checking_published_course" status="PASSED">
         <system-out><![CDATA[2019-11-15 22:08:56 - [TEST_CASE][PASSED] - Test Cases/Customer/checking_published_course: Test Cases/Customer/checking_published_course

2019-11-15 22:08:56 - [TEST_STEP][PASSED] - click(findTestObject("Customer/Main page/Left menu/main_page_left_menu_courses")): Object: 'Object Repository/Customer/Main page/Left menu/main_page_left_menu_courses' is clicked on

2019-11-15 22:08:57 - [MESSAGE][PASSED] - Object: 'Object Repository/Customer/Main page/Left menu/main_page_left_menu_courses' is clicked on

2019-11-15 22:08:57 - [TEST_STEP][PASSED] - verifyTextPresent("Test course", false): Text 'Test course' is present on page 

2019-11-15 22:08:57 - [MESSAGE][PASSED] - Text 'Test course' is present on page]]></system-out>
         <system-err><![CDATA[]]></system-err>
      </testcase>
      <system-out><![CDATA[2019-11-15 22:08:17 - [TEST_SUITE][PASSED] - Publish and checking course: Test Cases/Customer/checking_published_course]]></system-out>
      <system-err><![CDATA[]]></system-err>
   </testsuite>
</testsuites>
