<?xml version="1.0" encoding="UTF-8"?>
<testsuites name="Quick setup" time="109.827" tests="10" failures="0" errors="0">
   <testsuite name="Quick setup" tests="10" failures="0" errors="0" time="109.827" timestamp="2019-11-12 18:36:34" hostname="macbookpro - 192.168.1.3" id="Test Suites/Smoke test/Quick setup">
      <properties>
         <property name="deviceName" value=""/>
         <property name="devicePlatform" value=""/>
         <property name="logFolder" value="/Users/macbookpro/Documents/gurucan/katalon/gurucanweb/Reports/20191112_183632/Smoke test/Quick setup/20191112_183632"/>
         <property name="logFiles" value="/Users/macbookpro/Documents/gurucan/katalon/gurucanweb/Reports/20191112_183632/Smoke test/Quick setup/20191112_183632/execution0.log"/>
         <property name="attachments" value=""/>
         <property name="hostName" value="macbookpro - 192.168.1.3"/>
         <property name="os" value="Mac OS X 64bit"/>
         <property name="katalonVersion" value="7.0.6.1"/>
         <property name="browser" value="Chrome 78.0.3904.97"/>
         <property name="hostAddress" value="192.168.1.3"/>
         <property name="sessionId" value="0bdd063c12aab281b49fdfdbade2568e"/>
         <property name="seleniumVersion" value="3.141.59"/>
         <property name="proxyInformation" value="ProxyInformation{proxyOption=NO_PROXY, proxyServerType=HTTP, password=, proxyServerAddress=, proxyServerPort=0}"/>
         <property name="platform" value="Mac OS X"/>
      </properties>
      <testcase name="Test Cases/Client/login_client" time="13.579" classname="Test Cases/Client/login_client" status="PASSED">
         <system-out><![CDATA[2019-11-12 18:36:34 - [TEST_CASE][PASSED] - Test Cases/Client/login_client: Test Cases/Client/login_client

2019-11-12 18:36:35 - [TEST_STEP][PASSED] - openBrowser("https://app.staging.gurucan.ru/admin/login"): Browser is opened with url: 'https://app.staging.gurucan.ru/admin/login'

2019-11-12 18:36:35 - [MESSAGE][INFO] - Starting 'Chrome' driver

2019-11-12 18:36:35 - [MESSAGE][INFO] - Action delay is set to 0 seconds

2019-11-12 18:36:42 - [MESSAGE][PASSED] - Browser is opened with url: 'https://app.staging.gurucan.ru/admin/login'

2019-11-12 18:36:42 - [TEST_STEP][PASSED] - maximizeWindow(): Current window maximized

2019-11-12 18:36:43 - [MESSAGE][PASSED] - Current window maximized

2019-11-12 18:36:43 - [TEST_STEP][PASSED] - navigateToUrl("https://app.staging.gurucan.ru/admin/login"): Navigate to 'https://app.staging.gurucan.ru/admin/login' successfully

2019-11-12 18:36:45 - [MESSAGE][PASSED] - Navigate to 'https://app.staging.gurucan.ru/admin/login' successfully

2019-11-12 18:36:45 - [TEST_STEP][PASSED] - setText(findTestObject("Admin/Admin Login Page/login_email_field"), "fibe@simplemail.top"): Text 'fibe@simplemail.top' is set on object 'Object Repository/Admin/Admin Login Page/login_email_field'

2019-11-12 18:36:46 - [MESSAGE][PASSED] - Text 'fibe@simplemail.top' is set on object 'Object Repository/Admin/Admin Login Page/login_email_field'

2019-11-12 18:36:46 - [TEST_STEP][PASSED] - setEncryptedText(findTestObject("Admin/Admin Login Page/login_pass_field"), "8chwvGYzQjDjBqJR/GXC+g=="): Text ****** has been set on object 'Object Repository/Admin/Admin Login Page/login_pass_field'

2019-11-12 18:36:47 - [MESSAGE][PASSED] - Text ****** has been set on object 'Object Repository/Admin/Admin Login Page/login_pass_field'

2019-11-12 18:36:47 - [TEST_STEP][PASSED] - setText(findTestObject("Admin/Admin Login Page/login_domain_field"), "fibe"): Text 'fibe' is set on object 'Object Repository/Admin/Admin Login Page/login_domain_field'

2019-11-12 18:36:47 - [MESSAGE][PASSED] - Text 'fibe' is set on object 'Object Repository/Admin/Admin Login Page/login_domain_field'

2019-11-12 18:36:47 - [TEST_STEP][PASSED] - click(findTestObject("Admin/Admin Login Page/login_button")): Object: 'Object Repository/Admin/Admin Login Page/login_button' is clicked on

2019-11-12 18:36:48 - [MESSAGE][PASSED] - Object: 'Object Repository/Admin/Admin Login Page/login_button' is clicked on]]></system-out>
         <system-err><![CDATA[]]></system-err>
      </testcase>
      <testcase name="Test Cases/Client/First Quick Setup/course_fast_create" time="16.055" classname="Test Cases/Client/First Quick Setup/course_fast_create" status="PASSED">
         <system-out><![CDATA[2019-11-12 18:36:48 - [TEST_CASE][PASSED] - Test Cases/Client/First Quick Setup/course_fast_create: Test Cases/Client/First Quick Setup/course_fast_create

2019-11-12 18:36:48 - [TEST_STEP][PASSED] - click(findTestObject("Admin/Admin Sidebar Elements/wlcm_menu_link")): Object: 'Object Repository/Admin/Admin Sidebar Elements/wlcm_menu_link' is clicked on

2019-11-12 18:37:00 - [MESSAGE][PASSED] - Object: 'Object Repository/Admin/Admin Sidebar Elements/wlcm_menu_link' is clicked on

2019-11-12 18:37:00 - [TEST_STEP][PASSED] - click(findTestObject("Admin/Welcome Page/wlcm_first_course")): Object: 'Object Repository/Admin/Welcome Page/wlcm_first_course' is clicked on

2019-11-12 18:37:01 - [MESSAGE][PASSED] - Object: 'Object Repository/Admin/Welcome Page/wlcm_first_course' is clicked on

2019-11-12 18:37:01 - [TEST_STEP][PASSED] - click(findTestObject("Admin/Admin Sidebar Elements/Content Management/Courses/create_course_btn")): Object: 'Object Repository/Admin/Admin Sidebar Elements/Content Management/Courses/create_course_btn' is clicked on

2019-11-12 18:37:02 - [MESSAGE][PASSED] - Object: 'Object Repository/Admin/Admin Sidebar Elements/Content Management/Courses/create_course_btn' is clicked on

2019-11-12 18:37:02 - [TEST_STEP][PASSED] - setText(findTestObject("Admin/Admin Sidebar Elements/Content Management/Courses/course_name_field"), "Test course"): Text 'Test course' is set on object 'Object Repository/Admin/Admin Sidebar Elements/Content Management/Courses/course_name_field'

2019-11-12 18:37:03 - [MESSAGE][PASSED] - Text 'Test course' is set on object 'Object Repository/Admin/Admin Sidebar Elements/Content Management/Courses/course_name_field'

2019-11-12 18:37:03 - [TEST_STEP][PASSED] - click(findTestObject("Admin/Admin Sidebar Elements/Content Management/Courses/course_save_btn")): Object: 'Object Repository/Admin/Admin Sidebar Elements/Content Management/Courses/course_save_btn' is clicked on

2019-11-12 18:37:04 - [MESSAGE][PASSED] - Object: 'Object Repository/Admin/Admin Sidebar Elements/Content Management/Courses/course_save_btn' is clicked on]]></system-out>
         <system-err><![CDATA[]]></system-err>
      </testcase>
      <testcase name="Test Cases/Client/First Quick Setup/scool_fast_setup" time="3.988" classname="Test Cases/Client/First Quick Setup/scool_fast_setup" status="PASSED">
         <system-out><![CDATA[2019-11-12 18:37:04 - [TEST_CASE][PASSED] - Test Cases/Client/First Quick Setup/scool_fast_setup: Test Cases/Client/First Quick Setup/scool_fast_setup

2019-11-12 18:37:04 - [TEST_STEP][PASSED] - click(findTestObject("Admin/Admin Sidebar Elements/wlcm_menu_link")): Object: 'Object Repository/Admin/Admin Sidebar Elements/wlcm_menu_link' is clicked on

2019-11-12 18:37:05 - [MESSAGE][PASSED] - Object: 'Object Repository/Admin/Admin Sidebar Elements/wlcm_menu_link' is clicked on

2019-11-12 18:37:05 - [TEST_STEP][PASSED] - click(findTestObject("Admin/Welcome Page/wlcm_setup_scool")): Object: 'Object Repository/Admin/Welcome Page/wlcm_setup_scool' is clicked on

2019-11-12 18:37:06 - [MESSAGE][PASSED] - Object: 'Object Repository/Admin/Welcome Page/wlcm_setup_scool' is clicked on

2019-11-12 18:37:06 - [TEST_STEP][PASSED] - click(findTestObject("Admin/Admin Sidebar Elements/Settings Scool/Main Settings/save_btn")): Object: 'Object Repository/Admin/Admin Sidebar Elements/Settings Scool/Main Settings/save_btn' is clicked on

2019-11-12 18:37:08 - [MESSAGE][PASSED] - Object: 'Object Repository/Admin/Admin Sidebar Elements/Settings Scool/Main Settings/save_btn' is clicked on]]></system-out>
         <system-err><![CDATA[]]></system-err>
      </testcase>
      <testcase name="Test Cases/Client/First Quick Setup/lending_fast_setup" time="2.899" classname="Test Cases/Client/First Quick Setup/lending_fast_setup" status="PASSED">
         <system-out><![CDATA[2019-11-12 18:37:08 - [TEST_CASE][PASSED] - Test Cases/Client/First Quick Setup/lending_fast_setup: Test Cases/Client/First Quick Setup/lending_fast_setup

2019-11-12 18:37:08 - [TEST_STEP][PASSED] - click(findTestObject("Admin/Admin Sidebar Elements/wlcm_menu_link")): Object: 'Object Repository/Admin/Admin Sidebar Elements/wlcm_menu_link' is clicked on

2019-11-12 18:37:09 - [MESSAGE][PASSED] - Object: 'Object Repository/Admin/Admin Sidebar Elements/wlcm_menu_link' is clicked on

2019-11-12 18:37:09 - [TEST_STEP][PASSED] - click(findTestObject("Admin/Welcome Page/wlcm_setup_lending")): Object: 'Object Repository/Admin/Welcome Page/wlcm_setup_lending' is clicked on

2019-11-12 18:37:10 - [MESSAGE][PASSED] - Object: 'Object Repository/Admin/Welcome Page/wlcm_setup_lending' is clicked on

2019-11-12 18:37:10 - [TEST_STEP][PASSED] - click(findTestObject("Admin/Admin Sidebar Elements/Settings Scool/Lending Settings/save_btn")): Object: 'Object Repository/Admin/Admin Sidebar Elements/Settings Scool/Lending Settings/save_btn' is clicked on

2019-11-12 18:37:11 - [MESSAGE][PASSED] - Object: 'Object Repository/Admin/Admin Sidebar Elements/Settings Scool/Lending Settings/save_btn' is clicked on]]></system-out>
         <system-err><![CDATA[]]></system-err>
      </testcase>
      <testcase name="Test Cases/Client/First Quick Setup/requisites_fast_setup" time="9.041" classname="Test Cases/Client/First Quick Setup/requisites_fast_setup" status="PASSED">
         <system-out><![CDATA[2019-11-12 18:37:11 - [TEST_CASE][PASSED] - Test Cases/Client/First Quick Setup/requisites_fast_setup: Test Cases/Client/First Quick Setup/requisites_fast_setup

2019-11-12 18:37:11 - [TEST_STEP][PASSED] - click(findTestObject("Admin/Admin Sidebar Elements/wlcm_menu_link")): Object: 'Object Repository/Admin/Admin Sidebar Elements/wlcm_menu_link' is clicked on

2019-11-12 18:37:13 - [MESSAGE][PASSED] - Object: 'Object Repository/Admin/Admin Sidebar Elements/wlcm_menu_link' is clicked on

2019-11-12 18:37:13 - [TEST_STEP][PASSED] - click(findTestObject("Admin/Welcome Page/wlcm_setup_payments")): Object: 'Object Repository/Admin/Welcome Page/wlcm_setup_payments' is clicked on

2019-11-12 18:37:14 - [MESSAGE][PASSED] - Object: 'Object Repository/Admin/Welcome Page/wlcm_setup_payments' is clicked on

2019-11-12 18:37:14 - [TEST_STEP][PASSED] - click(findTestObject("Admin/Admin Sidebar Elements/My Account/Requisites/save_btn")): Object: 'Object Repository/Admin/Admin Sidebar Elements/My Account/Requisites/save_btn' is clicked on

2019-11-12 18:37:20 - [MESSAGE][PASSED] - Object: 'Object Repository/Admin/Admin Sidebar Elements/My Account/Requisites/save_btn' is clicked on]]></system-out>
         <system-err><![CDATA[]]></system-err>
      </testcase>
      <testcase name="Test Cases/Client/create_marathon" time="43.806" classname="Test Cases/Client/create_marathon" status="PASSED">
         <system-out><![CDATA[2019-11-12 18:37:20 - [TEST_CASE][PASSED] - Test Cases/Client/create_marathon: Test Cases/Client/create_marathon

2019-11-12 18:37:20 - [TEST_STEP][PASSED] - click(findTestObject("Admin/Admin Sidebar Elements/Content Management/expand_collaps_menu")): Object: 'Object Repository/Admin/Admin Sidebar Elements/Content Management/expand_collaps_menu' is clicked on

2019-11-12 18:37:27 - [MESSAGE][PASSED] - Object: 'Object Repository/Admin/Admin Sidebar Elements/Content Management/expand_collaps_menu' is clicked on

2019-11-12 18:37:27 - [TEST_STEP][PASSED] - click(findTestObject("Admin/Admin Sidebar Elements/Content Management/Marathons/submenu_marathons")): Object: 'Object Repository/Admin/Admin Sidebar Elements/Content Management/Marathons/submenu_marathons' is clicked on

2019-11-12 18:37:34 - [MESSAGE][PASSED] - Object: 'Object Repository/Admin/Admin Sidebar Elements/Content Management/Marathons/submenu_marathons' is clicked on

2019-11-12 18:37:34 - [TEST_STEP][PASSED] - click(findTestObject("Admin/Admin Sidebar Elements/Content Management/Marathons/marathon_create_btn")): Object: 'Object Repository/Admin/Admin Sidebar Elements/Content Management/Marathons/marathon_create_btn' is clicked on

2019-11-12 18:37:41 - [MESSAGE][PASSED] - Object: 'Object Repository/Admin/Admin Sidebar Elements/Content Management/Marathons/marathon_create_btn' is clicked on

2019-11-12 18:37:41 - [TEST_STEP][PASSED] - setText(findTestObject("Admin/Admin Sidebar Elements/Content Management/Marathons/marathon_name_field"), "New Marathon"): Text 'New Marathon' is set on object 'Object Repository/Admin/Admin Sidebar Elements/Content Management/Marathons/marathon_name_field'

2019-11-12 18:37:43 - [MESSAGE][PASSED] - Text 'New Marathon' is set on object 'Object Repository/Admin/Admin Sidebar Elements/Content Management/Marathons/marathon_name_field'

2019-11-12 18:37:43 - [TEST_STEP][PASSED] - mouseOver(findTestObject("Admin/Admin Sidebar Elements/Content Management/Marathons/marathon_add_task_btn")): Object: 'Object Repository/Admin/Admin Sidebar Elements/Content Management/Marathons/marathon_add_task_btn' is hovered

2019-11-12 18:37:50 - [MESSAGE][PASSED] - Object: 'Object Repository/Admin/Admin Sidebar Elements/Content Management/Marathons/marathon_add_task_btn' is hovered

2019-11-12 18:37:50 - [TEST_STEP][PASSED] - click(findTestObject("Admin/Admin Sidebar Elements/Content Management/Marathons/Lesson/marathon_add_lesson_btn")): Object: 'Object Repository/Admin/Admin Sidebar Elements/Content Management/Marathons/Lesson/marathon_add_lesson_btn' is clicked on

2019-11-12 18:37:55 - [MESSAGE][PASSED] - Object: 'Object Repository/Admin/Admin Sidebar Elements/Content Management/Marathons/Lesson/marathon_add_lesson_btn' is clicked on

2019-11-12 18:37:55 - [TEST_STEP][PASSED] - setText(findTestObject("Admin/Admin Sidebar Elements/Content Management/Marathons/Lesson/marathon_lesson_name_field"), "Exercise 1"): Text 'Exercise 1' is set on object 'Object Repository/Admin/Admin Sidebar Elements/Content Management/Marathons/Lesson/marathon_lesson_name_field'

2019-11-12 18:37:57 - [MESSAGE][PASSED] - Text 'Exercise 1' is set on object 'Object Repository/Admin/Admin Sidebar Elements/Content Management/Marathons/Lesson/marathon_lesson_name_field'

2019-11-12 18:37:57 - [TEST_STEP][PASSED] - click(findTestObject("Admin/Admin Sidebar Elements/Content Management/Marathons/Lesson/marathon_lesson_add_block_btn")): Object: 'Object Repository/Admin/Admin Sidebar Elements/Content Management/Marathons/Lesson/marathon_lesson_add_block_btn' is clicked on

2019-11-12 18:37:57 - [MESSAGE][PASSED] - Object: 'Object Repository/Admin/Admin Sidebar Elements/Content Management/Marathons/Lesson/marathon_lesson_add_block_btn' is clicked on

2019-11-12 18:37:57 - [TEST_STEP][PASSED] - click(findTestObject("Admin/Admin Sidebar Elements/Content Management/Marathons/Lesson/marathon_lesson_block_add_youtube_btn")): Object: 'Object Repository/Admin/Admin Sidebar Elements/Content Management/Marathons/Lesson/marathon_lesson_block_add_youtube_btn' is clicked on

2019-11-12 18:37:58 - [MESSAGE][PASSED] - Object: 'Object Repository/Admin/Admin Sidebar Elements/Content Management/Marathons/Lesson/marathon_lesson_block_add_youtube_btn' is clicked on

2019-11-12 18:37:58 - [TEST_STEP][PASSED] - setText(findTestObject("Admin/Admin Sidebar Elements/Content Management/Marathons/Lesson/marathon_lesson_block_add_youtube_link"), "https://www.youtube.com/watch?v=fU2-ZJAtByg"): Text 'https://www.youtube.com/watch?v=fU2-ZJAtByg' is set on object 'Object Repository/Admin/Admin Sidebar Elements/Content Management/Marathons/Lesson/marathon_lesson_block_add_youtube_link'

2019-11-12 18:38:00 - [MESSAGE][PASSED] - Text 'https://www.youtube.com/watch?v=fU2-ZJAtByg' is set on object 'Object Repository/Admin/Admin Sidebar Elements/Content Management/Marathons/Lesson/marathon_lesson_block_add_youtube_link'

2019-11-12 18:38:00 - [TEST_STEP][PASSED] - click(findTestObject("Admin/Admin Sidebar Elements/Content Management/Marathons/Lesson/marathon_lesson_block_youtube_save_btn")): Object: 'Object Repository/Admin/Admin Sidebar Elements/Content Management/Marathons/Lesson/marathon_lesson_block_youtube_save_btn' is clicked on

2019-11-12 18:38:00 - [MESSAGE][PASSED] - Object: 'Object Repository/Admin/Admin Sidebar Elements/Content Management/Marathons/Lesson/marathon_lesson_block_youtube_save_btn' is clicked on

2019-11-12 18:38:00 - [TEST_STEP][PASSED] - click(findTestObject("Admin/Admin Sidebar Elements/Content Management/Marathons/Lesson/marathon_lesson_save_btn")): Object: 'Object Repository/Admin/Admin Sidebar Elements/Content Management/Marathons/Lesson/marathon_lesson_save_btn' is clicked on

2019-11-12 18:38:01 - [MESSAGE][PASSED] - Object: 'Object Repository/Admin/Admin Sidebar Elements/Content Management/Marathons/Lesson/marathon_lesson_save_btn' is clicked on

2019-11-12 18:38:01 - [TEST_STEP][PASSED] - click(findTestObject("Admin/Admin Sidebar Elements/Content Management/Marathons/marathon_breadcrumbs_link")): Object: 'Object Repository/Admin/Admin Sidebar Elements/Content Management/Marathons/marathon_breadcrumbs_link' is clicked on

2019-11-12 18:38:03 - [MESSAGE][PASSED] - Object: 'Object Repository/Admin/Admin Sidebar Elements/Content Management/Marathons/marathon_breadcrumbs_link' is clicked on

2019-11-12 18:38:03 - [TEST_STEP][PASSED] - click(findTestObject("Admin/Admin Sidebar Elements/Content Management/Marathons/marathon_save_btn")): Object: 'Object Repository/Admin/Admin Sidebar Elements/Content Management/Marathons/marathon_save_btn' is clicked on

2019-11-12 18:38:04 - [MESSAGE][PASSED] - Object: 'Object Repository/Admin/Admin Sidebar Elements/Content Management/Marathons/marathon_save_btn' is clicked on]]></system-out>
         <system-err><![CDATA[]]></system-err>
      </testcase>
      <testcase name="Test Cases/Client/create_article" time="8.24" classname="Test Cases/Client/create_article" status="PASSED">
         <system-out><![CDATA[2019-11-12 18:38:04 - [TEST_CASE][PASSED] - Test Cases/Client/create_article: Test Cases/Client/create_article

2019-11-12 18:38:04 - [TEST_STEP][PASSED] - click(findTestObject("Admin/Admin Sidebar Elements/wlcm_menu_link")): Object: 'Object Repository/Admin/Admin Sidebar Elements/wlcm_menu_link' is clicked on

2019-11-12 18:38:05 - [MESSAGE][PASSED] - Object: 'Object Repository/Admin/Admin Sidebar Elements/wlcm_menu_link' is clicked on

2019-11-12 18:38:05 - [TEST_STEP][PASSED] - click(findTestObject("Admin/Admin Sidebar Elements/Content Management/Articles/submenu_articles")): Object: 'Object Repository/Admin/Admin Sidebar Elements/Content Management/Articles/submenu_articles' is clicked on

2019-11-12 18:38:05 - [MESSAGE][PASSED] - Object: 'Object Repository/Admin/Admin Sidebar Elements/Content Management/Articles/submenu_articles' is clicked on

2019-11-12 18:38:05 - [TEST_STEP][PASSED] - click(findTestObject("Admin/Admin Sidebar Elements/Content Management/Articles/article_add_btn")): Object: 'Object Repository/Admin/Admin Sidebar Elements/Content Management/Articles/article_add_btn' is clicked on

2019-11-12 18:38:06 - [MESSAGE][PASSED] - Object: 'Object Repository/Admin/Admin Sidebar Elements/Content Management/Articles/article_add_btn' is clicked on

2019-11-12 18:38:06 - [TEST_STEP][PASSED] - setText(findTestObject("Admin/Admin Sidebar Elements/Content Management/Articles/article_name_field"), "New article"): Text 'New article' is set on object 'Object Repository/Admin/Admin Sidebar Elements/Content Management/Articles/article_name_field'

2019-11-12 18:38:07 - [MESSAGE][PASSED] - Text 'New article' is set on object 'Object Repository/Admin/Admin Sidebar Elements/Content Management/Articles/article_name_field'

2019-11-12 18:38:07 - [TEST_STEP][PASSED] - click(findTestObject("Admin/Admin Sidebar Elements/Content Management/Articles/article_add_block_btn")): Object: 'Object Repository/Admin/Admin Sidebar Elements/Content Management/Articles/article_add_block_btn' is clicked on

2019-11-12 18:38:08 - [MESSAGE][PASSED] - Object: 'Object Repository/Admin/Admin Sidebar Elements/Content Management/Articles/article_add_block_btn' is clicked on

2019-11-12 18:38:08 - [TEST_STEP][PASSED] - click(findTestObject("Admin/Admin Sidebar Elements/Content Management/Articles/article_block_add_youtube_btn")): Object: 'Object Repository/Admin/Admin Sidebar Elements/Content Management/Articles/article_block_add_youtube_btn' is clicked on

2019-11-12 18:38:09 - [MESSAGE][PASSED] - Object: 'Object Repository/Admin/Admin Sidebar Elements/Content Management/Articles/article_block_add_youtube_btn' is clicked on

2019-11-12 18:38:09 - [TEST_STEP][PASSED] - setText(findTestObject("Admin/Admin Sidebar Elements/Content Management/Articles/article_block_youtube_link"), "https://www.youtube.com/watch?v=xf6lhjW21gU"): Text 'https://www.youtube.com/watch?v=xf6lhjW21gU' is set on object 'Object Repository/Admin/Admin Sidebar Elements/Content Management/Articles/article_block_youtube_link'

2019-11-12 18:38:11 - [MESSAGE][PASSED] - Text 'https://www.youtube.com/watch?v=xf6lhjW21gU' is set on object 'Object Repository/Admin/Admin Sidebar Elements/Content Management/Articles/article_block_youtube_link'

2019-11-12 18:38:11 - [TEST_STEP][PASSED] - click(findTestObject("Admin/Admin Sidebar Elements/Content Management/Articles/article_block_youtube_save_btn")): Object: 'Object Repository/Admin/Admin Sidebar Elements/Content Management/Articles/article_block_youtube_save_btn' is clicked on

2019-11-12 18:38:11 - [MESSAGE][PASSED] - Object: 'Object Repository/Admin/Admin Sidebar Elements/Content Management/Articles/article_block_youtube_save_btn' is clicked on

2019-11-12 18:38:11 - [TEST_STEP][PASSED] - click(findTestObject("Admin/Admin Sidebar Elements/Content Management/Articles/article_save_btn")): Object: 'Object Repository/Admin/Admin Sidebar Elements/Content Management/Articles/article_save_btn' is clicked on

2019-11-12 18:38:12 - [MESSAGE][PASSED] - Object: 'Object Repository/Admin/Admin Sidebar Elements/Content Management/Articles/article_save_btn' is clicked on]]></system-out>
         <system-err><![CDATA[]]></system-err>
      </testcase>
      <testcase name="Test Cases/Client/create_recipe" time="4.13" classname="Test Cases/Client/create_recipe" status="PASSED">
         <system-out><![CDATA[2019-11-12 18:38:12 - [TEST_CASE][PASSED] - Test Cases/Client/create_recipe: Test Cases/Client/create_recipe

2019-11-12 18:38:12 - [TEST_STEP][PASSED] - click(findTestObject("Admin/Admin Sidebar Elements/Meal plan/expand_collaps_menu")): Object: 'Object Repository/Admin/Admin Sidebar Elements/Meal plan/expand_collaps_menu' is clicked on

2019-11-12 18:38:13 - [MESSAGE][PASSED] - Object: 'Object Repository/Admin/Admin Sidebar Elements/Meal plan/expand_collaps_menu' is clicked on

2019-11-12 18:38:13 - [TEST_STEP][PASSED] - click(findTestObject("Admin/Admin Sidebar Elements/Meal plan/Recipes/submenu_recipes")): Object: 'Object Repository/Admin/Admin Sidebar Elements/Meal plan/Recipes/submenu_recipes' is clicked on

2019-11-12 18:38:14 - [MESSAGE][PASSED] - Object: 'Object Repository/Admin/Admin Sidebar Elements/Meal plan/Recipes/submenu_recipes' is clicked on

2019-11-12 18:38:14 - [TEST_STEP][PASSED] - click(findTestObject("Admin/Admin Sidebar Elements/Meal plan/Recipes/add_recipe_btn")): Object: 'Object Repository/Admin/Admin Sidebar Elements/Meal plan/Recipes/add_recipe_btn' is clicked on

2019-11-12 18:38:15 - [MESSAGE][PASSED] - Object: 'Object Repository/Admin/Admin Sidebar Elements/Meal plan/Recipes/add_recipe_btn' is clicked on

2019-11-12 18:38:15 - [TEST_STEP][PASSED] - setText(findTestObject("Admin/Admin Sidebar Elements/Meal plan/Recipes/recipe_name_field"), "Soup"): Text 'Soup' is set on object 'Object Repository/Admin/Admin Sidebar Elements/Meal plan/Recipes/recipe_name_field'

2019-11-12 18:38:15 - [MESSAGE][PASSED] - Text 'Soup' is set on object 'Object Repository/Admin/Admin Sidebar Elements/Meal plan/Recipes/recipe_name_field'

2019-11-12 18:38:15 - [TEST_STEP][PASSED] - click(findTestObject("Admin/Admin Sidebar Elements/Meal plan/Recipes/recipe_save_btn")): Object: 'Object Repository/Admin/Admin Sidebar Elements/Meal plan/Recipes/recipe_save_btn' is clicked on

2019-11-12 18:38:16 - [MESSAGE][PASSED] - Object: 'Object Repository/Admin/Admin Sidebar Elements/Meal plan/Recipes/recipe_save_btn' is clicked on]]></system-out>
         <system-err><![CDATA[]]></system-err>
      </testcase>
      <testcase name="Test Cases/Client/create_menu" time="3.529" classname="Test Cases/Client/create_menu" status="PASSED">
         <system-out><![CDATA[2019-11-12 18:38:16 - [TEST_CASE][PASSED] - Test Cases/Client/create_menu: Test Cases/Client/create_menu

2019-11-12 18:38:16 - [TEST_STEP][PASSED] - click(findTestObject("Admin/Admin Sidebar Elements/Meal plan/Menu/submenu_menu_btn")): Object: 'Object Repository/Admin/Admin Sidebar Elements/Meal plan/Menu/submenu_menu_btn' is clicked on

2019-11-12 18:38:17 - [MESSAGE][PASSED] - Object: 'Object Repository/Admin/Admin Sidebar Elements/Meal plan/Menu/submenu_menu_btn' is clicked on

2019-11-12 18:38:17 - [TEST_STEP][PASSED] - click(findTestObject("Admin/Admin Sidebar Elements/Meal plan/Menu/create_menu_btn")): Object: 'Object Repository/Admin/Admin Sidebar Elements/Meal plan/Menu/create_menu_btn' is clicked on

2019-11-12 18:38:18 - [MESSAGE][PASSED] - Object: 'Object Repository/Admin/Admin Sidebar Elements/Meal plan/Menu/create_menu_btn' is clicked on

2019-11-12 18:38:18 - [TEST_STEP][PASSED] - setText(findTestObject("Admin/Admin Sidebar Elements/Meal plan/Menu/menu_name_field"), "Menu"): Text 'Menu' is set on object 'Object Repository/Admin/Admin Sidebar Elements/Meal plan/Menu/menu_name_field'

2019-11-12 18:38:19 - [MESSAGE][PASSED] - Text 'Menu' is set on object 'Object Repository/Admin/Admin Sidebar Elements/Meal plan/Menu/menu_name_field'

2019-11-12 18:38:19 - [TEST_STEP][PASSED] - click(findTestObject("Admin/Admin Sidebar Elements/Meal plan/Menu/menu_save_btn")): Object: 'Object Repository/Admin/Admin Sidebar Elements/Meal plan/Menu/menu_save_btn' is clicked on

2019-11-12 18:38:20 - [MESSAGE][PASSED] - Object: 'Object Repository/Admin/Admin Sidebar Elements/Meal plan/Menu/menu_save_btn' is clicked on]]></system-out>
         <system-err><![CDATA[]]></system-err>
      </testcase>
      <testcase name="Test Cases/Client/create_subscription_plan" time="3.882" classname="Test Cases/Client/create_subscription_plan" status="PASSED">
         <system-out><![CDATA[2019-11-12 18:38:20 - [TEST_CASE][PASSED] - Test Cases/Client/create_subscription_plan: Test Cases/Client/create_subscription_plan

2019-11-12 18:38:20 - [TEST_STEP][PASSED] - click(findTestObject("Admin/Admin Sidebar Elements/Subscribtions/subscription_menu")): Object: 'Object Repository/Admin/Admin Sidebar Elements/Subscribtions/subscription_menu' is clicked on

2019-11-12 18:38:21 - [MESSAGE][PASSED] - Object: 'Object Repository/Admin/Admin Sidebar Elements/Subscribtions/subscription_menu' is clicked on

2019-11-12 18:38:21 - [TEST_STEP][PASSED] - click(findTestObject("Admin/Admin Sidebar Elements/Subscribtions/create_subscription_btn")): Object: 'Object Repository/Admin/Admin Sidebar Elements/Subscribtions/create_subscription_btn' is clicked on

2019-11-12 18:38:21 - [MESSAGE][PASSED] - Object: 'Object Repository/Admin/Admin Sidebar Elements/Subscribtions/create_subscription_btn' is clicked on

2019-11-12 18:38:22 - [TEST_STEP][PASSED] - setText(findTestObject("Admin/Admin Sidebar Elements/Subscribtions/subscription_tarif_name_field"), "Tarif"): Text 'Tarif' is set on object 'Object Repository/Admin/Admin Sidebar Elements/Subscribtions/subscription_tarif_name_field'

2019-11-12 18:38:22 - [MESSAGE][PASSED] - Text 'Tarif' is set on object 'Object Repository/Admin/Admin Sidebar Elements/Subscribtions/subscription_tarif_name_field'

2019-11-12 18:38:22 - [TEST_STEP][PASSED] - click(findTestObject("Admin/Admin Sidebar Elements/Subscribtions/subscription_active_inactive_switcher")): Object: 'Object Repository/Admin/Admin Sidebar Elements/Subscribtions/subscription_active_inactive_switcher' is clicked on

2019-11-12 18:38:23 - [MESSAGE][PASSED] - Object: 'Object Repository/Admin/Admin Sidebar Elements/Subscribtions/subscription_active_inactive_switcher' is clicked on

2019-11-12 18:38:23 - [TEST_STEP][PASSED] - click(findTestObject("Admin/Admin Sidebar Elements/Subscribtions/subscription_tarif_save_btn")): Object: 'Object Repository/Admin/Admin Sidebar Elements/Subscribtions/subscription_tarif_save_btn' is clicked on

2019-11-12 18:38:24 - [MESSAGE][PASSED] - Object: 'Object Repository/Admin/Admin Sidebar Elements/Subscribtions/subscription_tarif_save_btn' is clicked on]]></system-out>
         <system-err><![CDATA[]]></system-err>
      </testcase>
      <system-out><![CDATA[2019-11-12 18:36:34 - [TEST_SUITE][PASSED] - Quick setup: Test Cases/Client/create_subscription_plan]]></system-out>
      <system-err><![CDATA[]]></system-err>
   </testsuite>
</testsuites>
