<?xml version="1.0" encoding="UTF-8"?>
<testsuites name="Test" time="17.962" tests="2" failures="0" errors="0">
   <testsuite name="Test" tests="2" failures="0" errors="0" time="17.962" timestamp="2019-11-07 19:45:47" hostname="macbookpro - mbp-macbook" id="Test Suites/Test">
      <properties>
         <property name="deviceName" value=""/>
         <property name="devicePlatform" value=""/>
         <property name="logFolder" value="/Users/macbookpro/Documents/gurucan/katalon/gurucanweb/Reports/20191107_194544/Test/20191107_194544"/>
         <property name="logFiles" value="/Users/macbookpro/Documents/gurucan/katalon/gurucanweb/Reports/20191107_194544/Test/20191107_194544/execution0.log"/>
         <property name="attachments" value=""/>
         <property name="hostName" value="macbookpro - mbp-macbook"/>
         <property name="os" value="Mac OS X 64bit"/>
         <property name="katalonVersion" value="7.0.6.1"/>
         <property name="browser" value="Chrome 78.0.3904.87"/>
         <property name="hostAddress" value="192.168.1.38"/>
         <property name="sessionId" value="4500a745bbb1798e2703fd526b0ad1e0"/>
         <property name="seleniumVersion" value="3.141.59"/>
         <property name="proxyInformation" value="ProxyInformation{proxyOption=NO_PROXY, proxyServerType=HTTP, password=, proxyServerAddress=, proxyServerPort=0}"/>
         <property name="platform" value="Mac OS X"/>
      </properties>
      <testcase name="Test Cases/Client/login_client" time="12.549" classname="Test Cases/Client/login_client" status="PASSED">
         <system-out><![CDATA[2019-11-07 19:45:47 - [TEST_CASE][PASSED] - Test Cases/Client/login_client: Test Cases/Client/login_client

2019-11-07 19:45:48 - [TEST_STEP][PASSED] - openBrowser("https://app.staging.gurucan.ru/admin/login"): Browser is opened with url: 'https://app.staging.gurucan.ru/admin/login'

2019-11-07 19:45:48 - [MESSAGE][INFO] - Starting 'Chrome' driver

2019-11-07 19:45:48 - [MESSAGE][INFO] - Action delay is set to 0 seconds

2019-11-07 19:45:54 - [MESSAGE][PASSED] - Browser is opened with url: 'https://app.staging.gurucan.ru/admin/login'

2019-11-07 19:45:54 - [TEST_STEP][PASSED] - maximizeWindow(): Current window maximized

2019-11-07 19:45:55 - [MESSAGE][PASSED] - Current window maximized

2019-11-07 19:45:55 - [TEST_STEP][PASSED] - navigateToUrl("https://app.staging.gurucan.ru/admin/login"): Navigate to 'https://app.staging.gurucan.ru/admin/login' successfully

2019-11-07 19:45:57 - [MESSAGE][PASSED] - Navigate to 'https://app.staging.gurucan.ru/admin/login' successfully

2019-11-07 19:45:57 - [TEST_STEP][PASSED] - setText(findTestObject("Admin/Admin Login Page/login_email_field"), "fibe@simplemail.top"): Text 'fibe@simplemail.top' is set on object 'Object Repository/Admin/Admin Login Page/login_email_field'

2019-11-07 19:45:58 - [MESSAGE][PASSED] - Text 'fibe@simplemail.top' is set on object 'Object Repository/Admin/Admin Login Page/login_email_field'

2019-11-07 19:45:58 - [TEST_STEP][PASSED] - setEncryptedText(findTestObject("Admin/Admin Login Page/login_pass_field"), "8chwvGYzQjDjBqJR/GXC+g=="): Text ****** has been set on object 'Object Repository/Admin/Admin Login Page/login_pass_field'

2019-11-07 19:45:59 - [MESSAGE][PASSED] - Text ****** has been set on object 'Object Repository/Admin/Admin Login Page/login_pass_field'

2019-11-07 19:45:59 - [TEST_STEP][PASSED] - setText(findTestObject("Admin/Admin Login Page/login_domain_field"), "fibe"): Text 'fibe' is set on object 'Object Repository/Admin/Admin Login Page/login_domain_field'

2019-11-07 19:45:59 - [MESSAGE][PASSED] - Text 'fibe' is set on object 'Object Repository/Admin/Admin Login Page/login_domain_field'

2019-11-07 19:45:59 - [TEST_STEP][PASSED] - click(findTestObject("Admin/Admin Login Page/login_button")): Object: 'Object Repository/Admin/Admin Login Page/login_button' is clicked on

2019-11-07 19:46:00 - [MESSAGE][PASSED] - Object: 'Object Repository/Admin/Admin Login Page/login_button' is clicked on]]></system-out>
         <system-err><![CDATA[]]></system-err>
      </testcase>
      <testcase name="Test Cases/Client/First Quick Setup/download_android_app" time="4.826" classname="Test Cases/Client/First Quick Setup/download_android_app" status="PASSED">
         <system-out><![CDATA[2019-11-07 19:46:00 - [TEST_CASE][PASSED] - Test Cases/Client/First Quick Setup/download_android_app: Test Cases/Client/First Quick Setup/download_android_app

2019-11-07 19:46:00 - [TEST_STEP][PASSED] - click(findTestObject("Admin/Admin Sidebar Elements/wlcm_menu_link")): Object: 'Object Repository/Admin/Admin Sidebar Elements/wlcm_menu_link' is clicked on

2019-11-07 19:46:04 - [MESSAGE][PASSED] - Object: 'Object Repository/Admin/Admin Sidebar Elements/wlcm_menu_link' is clicked on

2019-11-07 19:46:04 - [TEST_STEP][PASSED] - click(findTestObject("Admin/Welcome Page/get_android_app")): Object: 'Object Repository/Admin/Welcome Page/get_android_app' is clicked on

2019-11-07 19:46:05 - [MESSAGE][PASSED] - Object: 'Object Repository/Admin/Welcome Page/get_android_app' is clicked on

2019-11-07 19:46:05 - [TEST_STEP][PASSED] - closeWindowIndex("1"): Window with index 1 is closed

2019-11-07 19:46:05 - [MESSAGE][PASSED] - Window with index 1 is closed]]></system-out>
         <system-err><![CDATA[]]></system-err>
      </testcase>
      <system-out><![CDATA[2019-11-07 19:45:47 - [TEST_SUITE][PASSED] - Test: Test Cases/Client/First Quick Setup/download_android_app]]></system-out>
      <system-err><![CDATA[]]></system-err>
   </testsuite>
</testsuites>
