<?xml version="1.0" encoding="UTF-8"?>
<testsuites name="Test" time="27.89" tests="3" failures="0" errors="0">
   <testsuite name="Test" tests="3" failures="0" errors="0" time="27.89" timestamp="2019-11-10 19:21:13" hostname="macbookpro - 192.168.1.4" id="Test Suites/Test">
      <properties>
         <property name="deviceName" value=""/>
         <property name="devicePlatform" value=""/>
         <property name="logFolder" value="/Users/macbookpro/Documents/gurucan/katalon/gurucanweb/Reports/20191110_192111/Test/20191110_192111"/>
         <property name="logFiles" value="/Users/macbookpro/Documents/gurucan/katalon/gurucanweb/Reports/20191110_192111/Test/20191110_192111/execution0.log"/>
         <property name="attachments" value=""/>
         <property name="hostName" value="macbookpro - 192.168.1.4"/>
         <property name="os" value="Mac OS X 64bit"/>
         <property name="katalonVersion" value="7.0.6.1"/>
         <property name="browser" value="Chrome 78.0.3904.87"/>
         <property name="hostAddress" value="192.168.1.4"/>
         <property name="sessionId" value="9cc4291ed2fc288ec879fa39c9f2133a"/>
         <property name="seleniumVersion" value="3.141.59"/>
         <property name="proxyInformation" value="ProxyInformation{proxyOption=NO_PROXY, proxyServerType=HTTP, password=, proxyServerAddress=, proxyServerPort=0}"/>
         <property name="platform" value="Mac OS X"/>
      </properties>
      <testcase name="Test Cases/Client/login_client" time="16.318" classname="Test Cases/Client/login_client" status="PASSED">
         <system-out><![CDATA[2019-11-10 19:21:14 - [TEST_CASE][PASSED] - Test Cases/Client/login_client: Test Cases/Client/login_client

2019-11-10 19:21:14 - [TEST_STEP][PASSED] - openBrowser("https://app.staging.gurucan.ru/admin/login"): Browser is opened with url: 'https://app.staging.gurucan.ru/admin/login'

2019-11-10 19:21:15 - [MESSAGE][INFO] - Starting 'Chrome' driver

2019-11-10 19:21:15 - [MESSAGE][INFO] - Action delay is set to 0 seconds

2019-11-10 19:21:25 - [MESSAGE][PASSED] - Browser is opened with url: 'https://app.staging.gurucan.ru/admin/login'

2019-11-10 19:21:25 - [TEST_STEP][PASSED] - maximizeWindow(): Current window maximized

2019-11-10 19:21:25 - [MESSAGE][PASSED] - Current window maximized

2019-11-10 19:21:25 - [TEST_STEP][PASSED] - navigateToUrl("https://app.staging.gurucan.ru/admin/login"): Navigate to 'https://app.staging.gurucan.ru/admin/login' successfully

2019-11-10 19:21:27 - [MESSAGE][PASSED] - Navigate to 'https://app.staging.gurucan.ru/admin/login' successfully

2019-11-10 19:21:27 - [TEST_STEP][PASSED] - setText(findTestObject("Admin/Admin Login Page/login_email_field"), "fibe@simplemail.top"): Text 'fibe@simplemail.top' is set on object 'Object Repository/Admin/Admin Login Page/login_email_field'

2019-11-10 19:21:28 - [MESSAGE][PASSED] - Text 'fibe@simplemail.top' is set on object 'Object Repository/Admin/Admin Login Page/login_email_field'

2019-11-10 19:21:28 - [TEST_STEP][PASSED] - setEncryptedText(findTestObject("Admin/Admin Login Page/login_pass_field"), "8chwvGYzQjDjBqJR/GXC+g=="): Text ****** has been set on object 'Object Repository/Admin/Admin Login Page/login_pass_field'

2019-11-10 19:21:29 - [MESSAGE][PASSED] - Text ****** has been set on object 'Object Repository/Admin/Admin Login Page/login_pass_field'

2019-11-10 19:21:29 - [TEST_STEP][PASSED] - setText(findTestObject("Admin/Admin Login Page/login_domain_field"), "fibe"): Text 'fibe' is set on object 'Object Repository/Admin/Admin Login Page/login_domain_field'

2019-11-10 19:21:29 - [MESSAGE][PASSED] - Text 'fibe' is set on object 'Object Repository/Admin/Admin Login Page/login_domain_field'

2019-11-10 19:21:29 - [TEST_STEP][PASSED] - click(findTestObject("Admin/Admin Login Page/login_button")): Object: 'Object Repository/Admin/Admin Login Page/login_button' is clicked on

2019-11-10 19:21:30 - [MESSAGE][PASSED] - Object: 'Object Repository/Admin/Admin Login Page/login_button' is clicked on]]></system-out>
         <system-err><![CDATA[]]></system-err>
      </testcase>
      <testcase name="Test Cases/Client/create_recipe" time="7.802" classname="Test Cases/Client/create_recipe" status="PASSED">
         <system-out><![CDATA[2019-11-10 19:21:30 - [TEST_CASE][PASSED] - Test Cases/Client/create_recipe: Test Cases/Client/create_recipe

2019-11-10 19:21:30 - [TEST_STEP][PASSED] - click(findTestObject("Admin/Admin Sidebar Elements/Meal plan/expand_collaps_menu")): Object: 'Object Repository/Admin/Admin Sidebar Elements/Meal plan/expand_collaps_menu' is clicked on

2019-11-10 19:21:35 - [MESSAGE][PASSED] - Object: 'Object Repository/Admin/Admin Sidebar Elements/Meal plan/expand_collaps_menu' is clicked on

2019-11-10 19:21:35 - [TEST_STEP][PASSED] - click(findTestObject("Admin/Admin Sidebar Elements/Meal plan/Recipes/submenu_recipes")): Object: 'Object Repository/Admin/Admin Sidebar Elements/Meal plan/Recipes/submenu_recipes' is clicked on

2019-11-10 19:21:35 - [MESSAGE][PASSED] - Object: 'Object Repository/Admin/Admin Sidebar Elements/Meal plan/Recipes/submenu_recipes' is clicked on

2019-11-10 19:21:35 - [TEST_STEP][PASSED] - click(findTestObject("Admin/Admin Sidebar Elements/Meal plan/Recipes/add_recipe_btn")): Object: 'Object Repository/Admin/Admin Sidebar Elements/Meal plan/Recipes/add_recipe_btn' is clicked on

2019-11-10 19:21:36 - [MESSAGE][PASSED] - Object: 'Object Repository/Admin/Admin Sidebar Elements/Meal plan/Recipes/add_recipe_btn' is clicked on

2019-11-10 19:21:36 - [TEST_STEP][PASSED] - setText(findTestObject("Admin/Admin Sidebar Elements/Meal plan/Recipes/recipe_name_field"), "Soup"): Text 'Soup' is set on object 'Object Repository/Admin/Admin Sidebar Elements/Meal plan/Recipes/recipe_name_field'

2019-11-10 19:21:37 - [MESSAGE][PASSED] - Text 'Soup' is set on object 'Object Repository/Admin/Admin Sidebar Elements/Meal plan/Recipes/recipe_name_field'

2019-11-10 19:21:37 - [TEST_STEP][PASSED] - click(findTestObject("Admin/Admin Sidebar Elements/Meal plan/Recipes/recipe_save_btn")): Object: 'Object Repository/Admin/Admin Sidebar Elements/Meal plan/Recipes/recipe_save_btn' is clicked on

2019-11-10 19:21:38 - [MESSAGE][PASSED] - Object: 'Object Repository/Admin/Admin Sidebar Elements/Meal plan/Recipes/recipe_save_btn' is clicked on]]></system-out>
         <system-err><![CDATA[]]></system-err>
      </testcase>
      <testcase name="Test Cases/Client/create_menu" time="3.252" classname="Test Cases/Client/create_menu" status="PASSED">
         <system-out><![CDATA[2019-11-10 19:21:38 - [TEST_CASE][PASSED] - Test Cases/Client/create_menu: Test Cases/Client/create_menu

2019-11-10 19:21:38 - [TEST_STEP][PASSED] - click(findTestObject("Admin/Admin Sidebar Elements/Meal plan/Menu/submenu_menu_btn")): Object: 'Object Repository/Admin/Admin Sidebar Elements/Meal plan/Menu/submenu_menu_btn' is clicked on

2019-11-10 19:21:39 - [MESSAGE][PASSED] - Object: 'Object Repository/Admin/Admin Sidebar Elements/Meal plan/Menu/submenu_menu_btn' is clicked on

2019-11-10 19:21:39 - [TEST_STEP][PASSED] - click(findTestObject("Admin/Admin Sidebar Elements/Meal plan/Menu/create_menu_btn")): Object: 'Object Repository/Admin/Admin Sidebar Elements/Meal plan/Menu/create_menu_btn' is clicked on

2019-11-10 19:21:40 - [MESSAGE][PASSED] - Object: 'Object Repository/Admin/Admin Sidebar Elements/Meal plan/Menu/create_menu_btn' is clicked on

2019-11-10 19:21:40 - [TEST_STEP][PASSED] - setText(findTestObject("Admin/Admin Sidebar Elements/Meal plan/Menu/menu_name_field"), "Menu"): Text 'Menu' is set on object 'Object Repository/Admin/Admin Sidebar Elements/Meal plan/Menu/menu_name_field'

2019-11-10 19:21:41 - [MESSAGE][PASSED] - Text 'Menu' is set on object 'Object Repository/Admin/Admin Sidebar Elements/Meal plan/Menu/menu_name_field'

2019-11-10 19:21:41 - [TEST_STEP][PASSED] - click(findTestObject("Admin/Admin Sidebar Elements/Meal plan/Menu/menu_save_btn")): Object: 'Object Repository/Admin/Admin Sidebar Elements/Meal plan/Menu/menu_save_btn' is clicked on

2019-11-10 19:21:41 - [MESSAGE][PASSED] - Object: 'Object Repository/Admin/Admin Sidebar Elements/Meal plan/Menu/menu_save_btn' is clicked on]]></system-out>
         <system-err><![CDATA[]]></system-err>
      </testcase>
      <system-out><![CDATA[2019-11-10 19:21:13 - [TEST_SUITE][PASSED] - Test: Test Cases/Client/create_menu]]></system-out>
      <system-err><![CDATA[]]></system-err>
   </testsuite>
</testsuites>
