<?xml version="1.0" encoding="UTF-8"?>
<testsuites name="Quick setup" time="71.768" tests="10" failures="0" errors="0">
   <testsuite name="Quick setup" tests="10" failures="0" errors="0" time="71.768" timestamp="2019-11-15 21:07:48" hostname="macbookpro - mbp-macbook" id="Test Suites/Smoke test/Quick setup">
      <properties>
         <property name="deviceName" value=""/>
         <property name="devicePlatform" value=""/>
         <property name="logFolder" value="/Users/macbookpro/Documents/gurucan/katalon/gurucanweb/Reports/20191115_210745/Smoke test/Quick setup/20191115_210745"/>
         <property name="logFiles" value="/Users/macbookpro/Documents/gurucan/katalon/gurucanweb/Reports/20191115_210745/Smoke test/Quick setup/20191115_210745/execution0.log"/>
         <property name="attachments" value=""/>
         <property name="hostName" value="macbookpro - mbp-macbook"/>
         <property name="os" value="Mac OS X 64bit"/>
         <property name="katalonVersion" value="7.0.6.1"/>
         <property name="browser" value="Chrome 78.0.3904.97"/>
         <property name="hostAddress" value="192.168.1.38"/>
         <property name="sessionId" value="dfc36a7d02a112e0827b2059a626cfee"/>
         <property name="seleniumVersion" value="3.141.59"/>
         <property name="proxyInformation" value="ProxyInformation{proxyOption=NO_PROXY, proxyServerType=HTTP, password=, proxyServerAddress=, proxyServerPort=0}"/>
         <property name="platform" value="Mac OS X"/>
      </properties>
      <testcase name="Test Cases/Client/login_client" time="12.079" classname="Test Cases/Client/login_client" status="PASSED">
         <system-out><![CDATA[2019-11-15 21:07:48 - [TEST_CASE][PASSED] - Test Cases/Client/login_client: Test Cases/Client/login_client

2019-11-15 21:07:48 - [TEST_STEP][PASSED] - openBrowser("https://app.staging.gurucan.ru/admin/login"): Browser is opened with url: 'https://app.staging.gurucan.ru/admin/login'

2019-11-15 21:07:49 - [MESSAGE][INFO] - Starting 'Chrome' driver

2019-11-15 21:07:49 - [MESSAGE][INFO] - Action delay is set to 0 seconds

2019-11-15 21:07:55 - [MESSAGE][PASSED] - Browser is opened with url: 'https://app.staging.gurucan.ru/admin/login'

2019-11-15 21:07:55 - [TEST_STEP][PASSED] - maximizeWindow(): Current window maximized

2019-11-15 21:07:55 - [MESSAGE][PASSED] - Current window maximized

2019-11-15 21:07:55 - [TEST_STEP][PASSED] - navigateToUrl("https://app.staging.gurucan.ru/admin/login"): Navigate to 'https://app.staging.gurucan.ru/admin/login' successfully

2019-11-15 21:07:57 - [MESSAGE][PASSED] - Navigate to 'https://app.staging.gurucan.ru/admin/login' successfully

2019-11-15 21:07:57 - [TEST_STEP][PASSED] - setText(findTestObject("Admin/Admin Login Page/login_email_field"), "fibe@simplemail.top"): Text 'fibe@simplemail.top' is set on object 'Object Repository/Admin/Admin Login Page/login_email_field'

2019-11-15 21:07:58 - [MESSAGE][PASSED] - Text 'fibe@simplemail.top' is set on object 'Object Repository/Admin/Admin Login Page/login_email_field'

2019-11-15 21:07:58 - [TEST_STEP][PASSED] - setEncryptedText(findTestObject("Admin/Admin Login Page/login_pass_field"), "8chwvGYzQjDjBqJR/GXC+g=="): Text ****** has been set on object 'Object Repository/Admin/Admin Login Page/login_pass_field'

2019-11-15 21:07:59 - [MESSAGE][PASSED] - Text ****** has been set on object 'Object Repository/Admin/Admin Login Page/login_pass_field'

2019-11-15 21:07:59 - [TEST_STEP][PASSED] - setText(findTestObject("Admin/Admin Login Page/login_domain_field"), "fibe"): Text 'fibe' is set on object 'Object Repository/Admin/Admin Login Page/login_domain_field'

2019-11-15 21:07:59 - [MESSAGE][PASSED] - Text 'fibe' is set on object 'Object Repository/Admin/Admin Login Page/login_domain_field'

2019-11-15 21:07:59 - [TEST_STEP][PASSED] - click(findTestObject("Admin/Admin Login Page/login_button")): Object: 'Object Repository/Admin/Admin Login Page/login_button' is clicked on

2019-11-15 21:08:00 - [MESSAGE][PASSED] - Object: 'Object Repository/Admin/Admin Login Page/login_button' is clicked on]]></system-out>
         <system-err><![CDATA[]]></system-err>
      </testcase>
      <testcase name="Test Cases/Client/First Quick Setup/course_fast_create" time="8.021" classname="Test Cases/Client/First Quick Setup/course_fast_create" status="PASSED">
         <system-out><![CDATA[2019-11-15 21:08:00 - [TEST_CASE][PASSED] - Test Cases/Client/First Quick Setup/course_fast_create: Test Cases/Client/First Quick Setup/course_fast_create

2019-11-15 21:08:00 - [TEST_STEP][PASSED] - click(findTestObject("Admin/Admin Sidebar Elements/wlcm_menu_link")): Object: 'Object Repository/Admin/Admin Sidebar Elements/wlcm_menu_link' is clicked on

2019-11-15 21:08:04 - [MESSAGE][PASSED] - Object: 'Object Repository/Admin/Admin Sidebar Elements/wlcm_menu_link' is clicked on

2019-11-15 21:08:04 - [TEST_STEP][PASSED] - click(findTestObject("Admin/Welcome Page/wlcm_first_course")): Object: 'Object Repository/Admin/Welcome Page/wlcm_first_course' is clicked on

2019-11-15 21:08:05 - [MESSAGE][PASSED] - Object: 'Object Repository/Admin/Welcome Page/wlcm_first_course' is clicked on

2019-11-15 21:08:05 - [TEST_STEP][PASSED] - click(findTestObject("Admin/Admin Sidebar Elements/Content Management/Courses/create_course_btn")): Object: 'Object Repository/Admin/Admin Sidebar Elements/Content Management/Courses/create_course_btn' is clicked on

2019-11-15 21:08:06 - [MESSAGE][PASSED] - Object: 'Object Repository/Admin/Admin Sidebar Elements/Content Management/Courses/create_course_btn' is clicked on

2019-11-15 21:08:06 - [TEST_STEP][PASSED] - setText(findTestObject("Admin/Admin Sidebar Elements/Content Management/Courses/course_name_field"), "Test course"): Text 'Test course' is set on object 'Object Repository/Admin/Admin Sidebar Elements/Content Management/Courses/course_name_field'

2019-11-15 21:08:07 - [MESSAGE][PASSED] - Text 'Test course' is set on object 'Object Repository/Admin/Admin Sidebar Elements/Content Management/Courses/course_name_field'

2019-11-15 21:08:07 - [TEST_STEP][PASSED] - click(findTestObject("Admin/Admin Sidebar Elements/Content Management/Courses/course_save_btn")): Object: 'Object Repository/Admin/Admin Sidebar Elements/Content Management/Courses/course_save_btn' is clicked on

2019-11-15 21:08:08 - [MESSAGE][PASSED] - Object: 'Object Repository/Admin/Admin Sidebar Elements/Content Management/Courses/course_save_btn' is clicked on]]></system-out>
         <system-err><![CDATA[]]></system-err>
      </testcase>
      <testcase name="Test Cases/Client/First Quick Setup/scool_fast_setup" time="3.724" classname="Test Cases/Client/First Quick Setup/scool_fast_setup" status="PASSED">
         <system-out><![CDATA[2019-11-15 21:08:08 - [TEST_CASE][PASSED] - Test Cases/Client/First Quick Setup/scool_fast_setup: Test Cases/Client/First Quick Setup/scool_fast_setup

2019-11-15 21:08:08 - [TEST_STEP][PASSED] - click(findTestObject("Admin/Admin Sidebar Elements/wlcm_menu_link")): Object: 'Object Repository/Admin/Admin Sidebar Elements/wlcm_menu_link' is clicked on

2019-11-15 21:08:09 - [MESSAGE][PASSED] - Object: 'Object Repository/Admin/Admin Sidebar Elements/wlcm_menu_link' is clicked on

2019-11-15 21:08:09 - [TEST_STEP][PASSED] - click(findTestObject("Admin/Welcome Page/wlcm_setup_scool")): Object: 'Object Repository/Admin/Welcome Page/wlcm_setup_scool' is clicked on

2019-11-15 21:08:10 - [MESSAGE][PASSED] - Object: 'Object Repository/Admin/Welcome Page/wlcm_setup_scool' is clicked on

2019-11-15 21:08:10 - [TEST_STEP][PASSED] - click(findTestObject("Admin/Admin Sidebar Elements/Settings Scool/Main Settings/save_btn")): Object: 'Object Repository/Admin/Admin Sidebar Elements/Settings Scool/Main Settings/save_btn' is clicked on

2019-11-15 21:08:12 - [MESSAGE][PASSED] - Object: 'Object Repository/Admin/Admin Sidebar Elements/Settings Scool/Main Settings/save_btn' is clicked on]]></system-out>
         <system-err><![CDATA[]]></system-err>
      </testcase>
      <testcase name="Test Cases/Client/First Quick Setup/lending_fast_setup" time="3.605" classname="Test Cases/Client/First Quick Setup/lending_fast_setup" status="PASSED">
         <system-out><![CDATA[2019-11-15 21:08:12 - [TEST_CASE][PASSED] - Test Cases/Client/First Quick Setup/lending_fast_setup: Test Cases/Client/First Quick Setup/lending_fast_setup

2019-11-15 21:08:12 - [TEST_STEP][PASSED] - click(findTestObject("Admin/Admin Sidebar Elements/wlcm_menu_link")): Object: 'Object Repository/Admin/Admin Sidebar Elements/wlcm_menu_link' is clicked on

2019-11-15 21:08:13 - [MESSAGE][PASSED] - Object: 'Object Repository/Admin/Admin Sidebar Elements/wlcm_menu_link' is clicked on

2019-11-15 21:08:13 - [TEST_STEP][PASSED] - click(findTestObject("Admin/Welcome Page/wlcm_setup_lending")): Object: 'Object Repository/Admin/Welcome Page/wlcm_setup_lending' is clicked on

2019-11-15 21:08:15 - [MESSAGE][PASSED] - Object: 'Object Repository/Admin/Welcome Page/wlcm_setup_lending' is clicked on

2019-11-15 21:08:15 - [TEST_STEP][PASSED] - click(findTestObject("Admin/Admin Sidebar Elements/Settings Scool/Lending Settings/save_btn")): Object: 'Object Repository/Admin/Admin Sidebar Elements/Settings Scool/Lending Settings/save_btn' is clicked on

2019-11-15 21:08:15 - [MESSAGE][PASSED] - Object: 'Object Repository/Admin/Admin Sidebar Elements/Settings Scool/Lending Settings/save_btn' is clicked on]]></system-out>
         <system-err><![CDATA[]]></system-err>
      </testcase>
      <testcase name="Test Cases/Client/First Quick Setup/requisites_fast_setup" time="8.365" classname="Test Cases/Client/First Quick Setup/requisites_fast_setup" status="PASSED">
         <system-out><![CDATA[2019-11-15 21:08:15 - [TEST_CASE][PASSED] - Test Cases/Client/First Quick Setup/requisites_fast_setup: Test Cases/Client/First Quick Setup/requisites_fast_setup

2019-11-15 21:08:15 - [TEST_STEP][PASSED] - click(findTestObject("Admin/Admin Sidebar Elements/wlcm_menu_link")): Object: 'Object Repository/Admin/Admin Sidebar Elements/wlcm_menu_link' is clicked on

2019-11-15 21:08:16 - [MESSAGE][PASSED] - Object: 'Object Repository/Admin/Admin Sidebar Elements/wlcm_menu_link' is clicked on

2019-11-15 21:08:16 - [TEST_STEP][PASSED] - click(findTestObject("Admin/Welcome Page/wlcm_setup_payments")): Object: 'Object Repository/Admin/Welcome Page/wlcm_setup_payments' is clicked on

2019-11-15 21:08:17 - [MESSAGE][PASSED] - Object: 'Object Repository/Admin/Welcome Page/wlcm_setup_payments' is clicked on

2019-11-15 21:08:17 - [TEST_STEP][PASSED] - click(findTestObject("Admin/Admin Sidebar Elements/My Account/Requisites/save_btn")): Object: 'Object Repository/Admin/Admin Sidebar Elements/My Account/Requisites/save_btn' is clicked on

2019-11-15 21:08:24 - [MESSAGE][PASSED] - Object: 'Object Repository/Admin/Admin Sidebar Elements/My Account/Requisites/save_btn' is clicked on]]></system-out>
         <system-err><![CDATA[]]></system-err>
      </testcase>
      <testcase name="Test Cases/Client/Manage content/create_marathon" time="16.515" classname="Test Cases/Client/Manage content/create_marathon" status="PASSED">
         <system-out><![CDATA[2019-11-15 21:08:24 - [TEST_CASE][PASSED] - Test Cases/Client/Manage content/create_marathon: Test Cases/Client/Manage content/create_marathon

2019-11-15 21:08:24 - [TEST_STEP][PASSED] - click(findTestObject("Admin/Admin Sidebar Elements/Content Management/expand_collaps_menu")): Object: 'Object Repository/Admin/Admin Sidebar Elements/Content Management/expand_collaps_menu' is clicked on

2019-11-15 21:08:29 - [MESSAGE][PASSED] - Object: 'Object Repository/Admin/Admin Sidebar Elements/Content Management/expand_collaps_menu' is clicked on

2019-11-15 21:08:29 - [TEST_STEP][PASSED] - click(findTestObject("Admin/Admin Sidebar Elements/Content Management/Marathons/submenu_marathons")): Object: 'Object Repository/Admin/Admin Sidebar Elements/Content Management/Marathons/submenu_marathons' is clicked on

2019-11-15 21:08:30 - [MESSAGE][PASSED] - Object: 'Object Repository/Admin/Admin Sidebar Elements/Content Management/Marathons/submenu_marathons' is clicked on

2019-11-15 21:08:30 - [TEST_STEP][PASSED] - click(findTestObject("Admin/Admin Sidebar Elements/Content Management/Marathons/marathon_create_btn")): Object: 'Object Repository/Admin/Admin Sidebar Elements/Content Management/Marathons/marathon_create_btn' is clicked on

2019-11-15 21:08:30 - [MESSAGE][PASSED] - Object: 'Object Repository/Admin/Admin Sidebar Elements/Content Management/Marathons/marathon_create_btn' is clicked on

2019-11-15 21:08:30 - [TEST_STEP][PASSED] - setText(findTestObject("Admin/Admin Sidebar Elements/Content Management/Marathons/marathon_name_field"), "New Marathon"): Text 'New Marathon' is set on object 'Object Repository/Admin/Admin Sidebar Elements/Content Management/Marathons/marathon_name_field'

2019-11-15 21:08:32 - [MESSAGE][PASSED] - Text 'New Marathon' is set on object 'Object Repository/Admin/Admin Sidebar Elements/Content Management/Marathons/marathon_name_field'

2019-11-15 21:08:32 - [TEST_STEP][PASSED] - mouseOver(findTestObject("Admin/Admin Sidebar Elements/Content Management/Marathons/marathon_add_task_btn")): Object: 'Object Repository/Admin/Admin Sidebar Elements/Content Management/Marathons/marathon_add_task_btn' is hovered

2019-11-15 21:08:32 - [MESSAGE][PASSED] - Object: 'Object Repository/Admin/Admin Sidebar Elements/Content Management/Marathons/marathon_add_task_btn' is hovered

2019-11-15 21:08:32 - [TEST_STEP][PASSED] - click(findTestObject("Admin/Admin Sidebar Elements/Content Management/Marathons/Lesson/marathon_add_lesson_btn")): Object: 'Object Repository/Admin/Admin Sidebar Elements/Content Management/Marathons/Lesson/marathon_add_lesson_btn' is clicked on

2019-11-15 21:08:33 - [MESSAGE][PASSED] - Object: 'Object Repository/Admin/Admin Sidebar Elements/Content Management/Marathons/Lesson/marathon_add_lesson_btn' is clicked on

2019-11-15 21:08:33 - [TEST_STEP][PASSED] - setText(findTestObject("Admin/Admin Sidebar Elements/Content Management/Marathons/Lesson/marathon_lesson_name_field"), "Exercise 1"): Text 'Exercise 1' is set on object 'Object Repository/Admin/Admin Sidebar Elements/Content Management/Marathons/Lesson/marathon_lesson_name_field'

2019-11-15 21:08:34 - [MESSAGE][PASSED] - Text 'Exercise 1' is set on object 'Object Repository/Admin/Admin Sidebar Elements/Content Management/Marathons/Lesson/marathon_lesson_name_field'

2019-11-15 21:08:34 - [TEST_STEP][PASSED] - click(findTestObject("Admin/Admin Sidebar Elements/Content Management/Marathons/Lesson/marathon_lesson_add_block_btn")): Object: 'Object Repository/Admin/Admin Sidebar Elements/Content Management/Marathons/Lesson/marathon_lesson_add_block_btn' is clicked on

2019-11-15 21:08:35 - [MESSAGE][PASSED] - Object: 'Object Repository/Admin/Admin Sidebar Elements/Content Management/Marathons/Lesson/marathon_lesson_add_block_btn' is clicked on

2019-11-15 21:08:35 - [TEST_STEP][PASSED] - click(findTestObject("Admin/Admin Sidebar Elements/Content Management/Marathons/Lesson/marathon_lesson_block_add_youtube_btn")): Object: 'Object Repository/Admin/Admin Sidebar Elements/Content Management/Marathons/Lesson/marathon_lesson_block_add_youtube_btn' is clicked on

2019-11-15 21:08:35 - [MESSAGE][PASSED] - Object: 'Object Repository/Admin/Admin Sidebar Elements/Content Management/Marathons/Lesson/marathon_lesson_block_add_youtube_btn' is clicked on

2019-11-15 21:08:35 - [TEST_STEP][PASSED] - setText(findTestObject("Admin/Admin Sidebar Elements/Content Management/Marathons/Lesson/marathon_lesson_block_add_youtube_link"), "https://www.youtube.com/watch?v=fU2-ZJAtByg"): Text 'https://www.youtube.com/watch?v=fU2-ZJAtByg' is set on object 'Object Repository/Admin/Admin Sidebar Elements/Content Management/Marathons/Lesson/marathon_lesson_block_add_youtube_link'

2019-11-15 21:08:37 - [MESSAGE][PASSED] - Text 'https://www.youtube.com/watch?v=fU2-ZJAtByg' is set on object 'Object Repository/Admin/Admin Sidebar Elements/Content Management/Marathons/Lesson/marathon_lesson_block_add_youtube_link'

2019-11-15 21:08:37 - [TEST_STEP][PASSED] - click(findTestObject("Admin/Admin Sidebar Elements/Content Management/Marathons/Lesson/marathon_lesson_block_youtube_save_btn")): Object: 'Object Repository/Admin/Admin Sidebar Elements/Content Management/Marathons/Lesson/marathon_lesson_block_youtube_save_btn' is clicked on

2019-11-15 21:08:37 - [MESSAGE][PASSED] - Object: 'Object Repository/Admin/Admin Sidebar Elements/Content Management/Marathons/Lesson/marathon_lesson_block_youtube_save_btn' is clicked on

2019-11-15 21:08:37 - [TEST_STEP][PASSED] - click(findTestObject("Admin/Admin Sidebar Elements/Content Management/Marathons/Lesson/marathon_lesson_save_btn")): Object: 'Object Repository/Admin/Admin Sidebar Elements/Content Management/Marathons/Lesson/marathon_lesson_save_btn' is clicked on

2019-11-15 21:08:38 - [MESSAGE][PASSED] - Object: 'Object Repository/Admin/Admin Sidebar Elements/Content Management/Marathons/Lesson/marathon_lesson_save_btn' is clicked on

2019-11-15 21:08:38 - [TEST_STEP][PASSED] - click(findTestObject("Admin/Admin Sidebar Elements/Content Management/Marathons/marathon_breadcrumbs_link")): Object: 'Object Repository/Admin/Admin Sidebar Elements/Content Management/Marathons/marathon_breadcrumbs_link' is clicked on

2019-11-15 21:08:39 - [MESSAGE][PASSED] - Object: 'Object Repository/Admin/Admin Sidebar Elements/Content Management/Marathons/marathon_breadcrumbs_link' is clicked on

2019-11-15 21:08:39 - [TEST_STEP][PASSED] - click(findTestObject("Admin/Admin Sidebar Elements/Content Management/Marathons/marathon_save_btn")): Object: 'Object Repository/Admin/Admin Sidebar Elements/Content Management/Marathons/marathon_save_btn' is clicked on

2019-11-15 21:08:40 - [MESSAGE][PASSED] - Object: 'Object Repository/Admin/Admin Sidebar Elements/Content Management/Marathons/marathon_save_btn' is clicked on]]></system-out>
         <system-err><![CDATA[]]></system-err>
      </testcase>
      <testcase name="Test Cases/Client/Manage content/create_article" time="7.215" classname="Test Cases/Client/Manage content/create_article" status="PASSED">
         <system-out><![CDATA[2019-11-15 21:08:40 - [TEST_CASE][PASSED] - Test Cases/Client/Manage content/create_article: Test Cases/Client/Manage content/create_article

2019-11-15 21:08:40 - [TEST_STEP][PASSED] - click(findTestObject("Admin/Admin Sidebar Elements/wlcm_menu_link")): Object: 'Object Repository/Admin/Admin Sidebar Elements/wlcm_menu_link' is clicked on

2019-11-15 21:08:41 - [MESSAGE][PASSED] - Object: 'Object Repository/Admin/Admin Sidebar Elements/wlcm_menu_link' is clicked on

2019-11-15 21:08:41 - [TEST_STEP][PASSED] - click(findTestObject("Admin/Admin Sidebar Elements/Content Management/Articles/submenu_articles")): Object: 'Object Repository/Admin/Admin Sidebar Elements/Content Management/Articles/submenu_articles' is clicked on

2019-11-15 21:08:42 - [MESSAGE][PASSED] - Object: 'Object Repository/Admin/Admin Sidebar Elements/Content Management/Articles/submenu_articles' is clicked on

2019-11-15 21:08:42 - [TEST_STEP][PASSED] - click(findTestObject("Admin/Admin Sidebar Elements/Content Management/Articles/article_add_btn")): Object: 'Object Repository/Admin/Admin Sidebar Elements/Content Management/Articles/article_add_btn' is clicked on

2019-11-15 21:08:43 - [MESSAGE][PASSED] - Object: 'Object Repository/Admin/Admin Sidebar Elements/Content Management/Articles/article_add_btn' is clicked on

2019-11-15 21:08:43 - [TEST_STEP][PASSED] - setText(findTestObject("Admin/Admin Sidebar Elements/Content Management/Articles/article_name_field"), "New article"): Text 'New article' is set on object 'Object Repository/Admin/Admin Sidebar Elements/Content Management/Articles/article_name_field'

2019-11-15 21:08:44 - [MESSAGE][PASSED] - Text 'New article' is set on object 'Object Repository/Admin/Admin Sidebar Elements/Content Management/Articles/article_name_field'

2019-11-15 21:08:44 - [TEST_STEP][PASSED] - click(findTestObject("Admin/Admin Sidebar Elements/Content Management/Articles/article_add_block_btn")): Object: 'Object Repository/Admin/Admin Sidebar Elements/Content Management/Articles/article_add_block_btn' is clicked on

2019-11-15 21:08:44 - [MESSAGE][PASSED] - Object: 'Object Repository/Admin/Admin Sidebar Elements/Content Management/Articles/article_add_block_btn' is clicked on

2019-11-15 21:08:44 - [TEST_STEP][PASSED] - click(findTestObject("Admin/Admin Sidebar Elements/Content Management/Articles/article_block_add_youtube_btn")): Object: 'Object Repository/Admin/Admin Sidebar Elements/Content Management/Articles/article_block_add_youtube_btn' is clicked on

2019-11-15 21:08:45 - [MESSAGE][PASSED] - Object: 'Object Repository/Admin/Admin Sidebar Elements/Content Management/Articles/article_block_add_youtube_btn' is clicked on

2019-11-15 21:08:45 - [TEST_STEP][PASSED] - setText(findTestObject("Admin/Admin Sidebar Elements/Content Management/Articles/article_block_youtube_link"), "https://www.youtube.com/watch?v=xf6lhjW21gU"): Text 'https://www.youtube.com/watch?v=xf6lhjW21gU' is set on object 'Object Repository/Admin/Admin Sidebar Elements/Content Management/Articles/article_block_youtube_link'

2019-11-15 21:08:46 - [MESSAGE][PASSED] - Text 'https://www.youtube.com/watch?v=xf6lhjW21gU' is set on object 'Object Repository/Admin/Admin Sidebar Elements/Content Management/Articles/article_block_youtube_link'

2019-11-15 21:08:46 - [TEST_STEP][PASSED] - click(findTestObject("Admin/Admin Sidebar Elements/Content Management/Articles/article_block_youtube_save_btn")): Object: 'Object Repository/Admin/Admin Sidebar Elements/Content Management/Articles/article_block_youtube_save_btn' is clicked on

2019-11-15 21:08:47 - [MESSAGE][PASSED] - Object: 'Object Repository/Admin/Admin Sidebar Elements/Content Management/Articles/article_block_youtube_save_btn' is clicked on

2019-11-15 21:08:47 - [TEST_STEP][PASSED] - click(findTestObject("Admin/Admin Sidebar Elements/Content Management/Articles/article_save_btn")): Object: 'Object Repository/Admin/Admin Sidebar Elements/Content Management/Articles/article_save_btn' is clicked on

2019-11-15 21:08:47 - [MESSAGE][PASSED] - Object: 'Object Repository/Admin/Admin Sidebar Elements/Content Management/Articles/article_save_btn' is clicked on]]></system-out>
         <system-err><![CDATA[]]></system-err>
      </testcase>
      <testcase name="Test Cases/Client/create_recipe" time="4.203" classname="Test Cases/Client/create_recipe" status="PASSED">
         <system-out><![CDATA[2019-11-15 21:08:47 - [TEST_CASE][PASSED] - Test Cases/Client/create_recipe: Test Cases/Client/create_recipe

2019-11-15 21:08:48 - [TEST_STEP][PASSED] - click(findTestObject("Admin/Admin Sidebar Elements/Meal plan/expand_collaps_menu")): Object: 'Object Repository/Admin/Admin Sidebar Elements/Meal plan/expand_collaps_menu' is clicked on

2019-11-15 21:08:49 - [MESSAGE][PASSED] - Object: 'Object Repository/Admin/Admin Sidebar Elements/Meal plan/expand_collaps_menu' is clicked on

2019-11-15 21:08:49 - [TEST_STEP][PASSED] - click(findTestObject("Admin/Admin Sidebar Elements/Meal plan/Recipes/submenu_recipes")): Object: 'Object Repository/Admin/Admin Sidebar Elements/Meal plan/Recipes/submenu_recipes' is clicked on

2019-11-15 21:08:49 - [MESSAGE][PASSED] - Object: 'Object Repository/Admin/Admin Sidebar Elements/Meal plan/Recipes/submenu_recipes' is clicked on

2019-11-15 21:08:49 - [TEST_STEP][PASSED] - click(findTestObject("Admin/Admin Sidebar Elements/Meal plan/Recipes/add_recipe_btn")): Object: 'Object Repository/Admin/Admin Sidebar Elements/Meal plan/Recipes/add_recipe_btn' is clicked on

2019-11-15 21:08:50 - [MESSAGE][PASSED] - Object: 'Object Repository/Admin/Admin Sidebar Elements/Meal plan/Recipes/add_recipe_btn' is clicked on

2019-11-15 21:08:50 - [TEST_STEP][PASSED] - setText(findTestObject("Admin/Admin Sidebar Elements/Meal plan/Recipes/recipe_name_field"), "Soup"): Text 'Soup' is set on object 'Object Repository/Admin/Admin Sidebar Elements/Meal plan/Recipes/recipe_name_field'

2019-11-15 21:08:51 - [MESSAGE][PASSED] - Text 'Soup' is set on object 'Object Repository/Admin/Admin Sidebar Elements/Meal plan/Recipes/recipe_name_field'

2019-11-15 21:08:51 - [TEST_STEP][PASSED] - click(findTestObject("Admin/Admin Sidebar Elements/Meal plan/Recipes/recipe_save_btn")): Object: 'Object Repository/Admin/Admin Sidebar Elements/Meal plan/Recipes/recipe_save_btn' is clicked on

2019-11-15 21:08:52 - [MESSAGE][PASSED] - Object: 'Object Repository/Admin/Admin Sidebar Elements/Meal plan/Recipes/recipe_save_btn' is clicked on]]></system-out>
         <system-err><![CDATA[]]></system-err>
      </testcase>
      <testcase name="Test Cases/Client/create_menu" time="3.491" classname="Test Cases/Client/create_menu" status="PASSED">
         <system-out><![CDATA[2019-11-15 21:08:52 - [TEST_CASE][PASSED] - Test Cases/Client/create_menu: Test Cases/Client/create_menu

2019-11-15 21:08:52 - [TEST_STEP][PASSED] - click(findTestObject("Admin/Admin Sidebar Elements/Meal plan/Menu/submenu_menu_btn")): Object: 'Object Repository/Admin/Admin Sidebar Elements/Meal plan/Menu/submenu_menu_btn' is clicked on

2019-11-15 21:08:53 - [MESSAGE][PASSED] - Object: 'Object Repository/Admin/Admin Sidebar Elements/Meal plan/Menu/submenu_menu_btn' is clicked on

2019-11-15 21:08:53 - [TEST_STEP][PASSED] - click(findTestObject("Admin/Admin Sidebar Elements/Meal plan/Menu/create_menu_btn")): Object: 'Object Repository/Admin/Admin Sidebar Elements/Meal plan/Menu/create_menu_btn' is clicked on

2019-11-15 21:08:54 - [MESSAGE][PASSED] - Object: 'Object Repository/Admin/Admin Sidebar Elements/Meal plan/Menu/create_menu_btn' is clicked on

2019-11-15 21:08:54 - [TEST_STEP][PASSED] - setText(findTestObject("Admin/Admin Sidebar Elements/Meal plan/Menu/menu_name_field"), "Menu"): Text 'Menu' is set on object 'Object Repository/Admin/Admin Sidebar Elements/Meal plan/Menu/menu_name_field'

2019-11-15 21:08:55 - [MESSAGE][PASSED] - Text 'Menu' is set on object 'Object Repository/Admin/Admin Sidebar Elements/Meal plan/Menu/menu_name_field'

2019-11-15 21:08:55 - [TEST_STEP][PASSED] - click(findTestObject("Admin/Admin Sidebar Elements/Meal plan/Menu/menu_save_btn")): Object: 'Object Repository/Admin/Admin Sidebar Elements/Meal plan/Menu/menu_save_btn' is clicked on

2019-11-15 21:08:55 - [MESSAGE][PASSED] - Object: 'Object Repository/Admin/Admin Sidebar Elements/Meal plan/Menu/menu_save_btn' is clicked on]]></system-out>
         <system-err><![CDATA[]]></system-err>
      </testcase>
      <testcase name="Test Cases/Client/create_subscription_plan" time="3.934" classname="Test Cases/Client/create_subscription_plan" status="PASSED">
         <system-out><![CDATA[2019-11-15 21:08:55 - [TEST_CASE][PASSED] - Test Cases/Client/create_subscription_plan: Test Cases/Client/create_subscription_plan

2019-11-15 21:08:55 - [TEST_STEP][PASSED] - click(findTestObject("Admin/Admin Sidebar Elements/Subscribtions/subscription_menu")): Object: 'Object Repository/Admin/Admin Sidebar Elements/Subscribtions/subscription_menu' is clicked on

2019-11-15 21:08:56 - [MESSAGE][PASSED] - Object: 'Object Repository/Admin/Admin Sidebar Elements/Subscribtions/subscription_menu' is clicked on

2019-11-15 21:08:56 - [TEST_STEP][PASSED] - click(findTestObject("Admin/Admin Sidebar Elements/Subscribtions/create_subscription_btn")): Object: 'Object Repository/Admin/Admin Sidebar Elements/Subscribtions/create_subscription_btn' is clicked on

2019-11-15 21:08:57 - [MESSAGE][PASSED] - Object: 'Object Repository/Admin/Admin Sidebar Elements/Subscribtions/create_subscription_btn' is clicked on

2019-11-15 21:08:57 - [TEST_STEP][PASSED] - setText(findTestObject("Admin/Admin Sidebar Elements/Subscribtions/subscription_tarif_name_field"), "Tarif"): Text 'Tarif' is set on object 'Object Repository/Admin/Admin Sidebar Elements/Subscribtions/subscription_tarif_name_field'

2019-11-15 21:08:58 - [MESSAGE][PASSED] - Text 'Tarif' is set on object 'Object Repository/Admin/Admin Sidebar Elements/Subscribtions/subscription_tarif_name_field'

2019-11-15 21:08:58 - [TEST_STEP][PASSED] - click(findTestObject("Admin/Admin Sidebar Elements/Subscribtions/subscription_active_inactive_switcher")): Object: 'Object Repository/Admin/Admin Sidebar Elements/Subscribtions/subscription_active_inactive_switcher' is clicked on

2019-11-15 21:08:59 - [MESSAGE][PASSED] - Object: 'Object Repository/Admin/Admin Sidebar Elements/Subscribtions/subscription_active_inactive_switcher' is clicked on

2019-11-15 21:08:59 - [TEST_STEP][PASSED] - click(findTestObject("Admin/Admin Sidebar Elements/Subscribtions/subscription_tarif_save_btn")): Object: 'Object Repository/Admin/Admin Sidebar Elements/Subscribtions/subscription_tarif_save_btn' is clicked on

2019-11-15 21:08:59 - [MESSAGE][PASSED] - Object: 'Object Repository/Admin/Admin Sidebar Elements/Subscribtions/subscription_tarif_save_btn' is clicked on]]></system-out>
         <system-err><![CDATA[]]></system-err>
      </testcase>
      <system-out><![CDATA[2019-11-15 21:07:48 - [TEST_SUITE][PASSED] - Quick setup: Test Cases/Client/create_subscription_plan]]></system-out>
      <system-err><![CDATA[]]></system-err>
   </testsuite>
</testsuites>
