<?xml version="1.0" encoding="UTF-8"?>
<testsuites name="Test" time="24.472" tests="2" failures="0" errors="0">
   <testsuite name="Test" tests="2" failures="0" errors="0" time="24.472" timestamp="2019-11-10 16:37:53" hostname="macbookpro - 192.168.1.5" id="Test Suites/Test">
      <properties>
         <property name="deviceName" value=""/>
         <property name="devicePlatform" value=""/>
         <property name="logFolder" value="/Users/macbookpro/Documents/gurucan/katalon/gurucanweb/Reports/20191110_163751/Test/20191110_163751"/>
         <property name="logFiles" value="/Users/macbookpro/Documents/gurucan/katalon/gurucanweb/Reports/20191110_163751/Test/20191110_163751/execution0.log"/>
         <property name="attachments" value=""/>
         <property name="hostName" value="macbookpro - 192.168.1.5"/>
         <property name="os" value="Mac OS X 64bit"/>
         <property name="katalonVersion" value="7.0.6.1"/>
         <property name="browser" value="Chrome 78.0.3904.87"/>
         <property name="hostAddress" value="192.168.1.5"/>
         <property name="sessionId" value="2bf32f04539190ea02bdd25cb4f18fb5"/>
         <property name="seleniumVersion" value="3.141.59"/>
         <property name="proxyInformation" value="ProxyInformation{proxyOption=NO_PROXY, proxyServerType=HTTP, password=, proxyServerAddress=, proxyServerPort=0}"/>
         <property name="platform" value="Mac OS X"/>
      </properties>
      <testcase name="Test Cases/Client/login_client" time="12.583" classname="Test Cases/Client/login_client" status="PASSED">
         <system-out><![CDATA[2019-11-10 16:37:53 - [TEST_CASE][PASSED] - Test Cases/Client/login_client: Test Cases/Client/login_client

2019-11-10 16:37:54 - [TEST_STEP][PASSED] - openBrowser("https://app.staging.gurucan.ru/admin/login"): Browser is opened with url: 'https://app.staging.gurucan.ru/admin/login'

2019-11-10 16:37:54 - [MESSAGE][INFO] - Starting 'Chrome' driver

2019-11-10 16:37:54 - [MESSAGE][INFO] - Action delay is set to 0 seconds

2019-11-10 16:38:01 - [MESSAGE][PASSED] - Browser is opened with url: 'https://app.staging.gurucan.ru/admin/login'

2019-11-10 16:38:01 - [TEST_STEP][PASSED] - maximizeWindow(): Current window maximized

2019-11-10 16:38:01 - [MESSAGE][PASSED] - Current window maximized

2019-11-10 16:38:01 - [TEST_STEP][PASSED] - navigateToUrl("https://app.staging.gurucan.ru/admin/login"): Navigate to 'https://app.staging.gurucan.ru/admin/login' successfully

2019-11-10 16:38:03 - [MESSAGE][PASSED] - Navigate to 'https://app.staging.gurucan.ru/admin/login' successfully

2019-11-10 16:38:03 - [TEST_STEP][PASSED] - setText(findTestObject("Admin/Admin Login Page/login_email_field"), "fibe@simplemail.top"): Text 'fibe@simplemail.top' is set on object 'Object Repository/Admin/Admin Login Page/login_email_field'

2019-11-10 16:38:04 - [MESSAGE][PASSED] - Text 'fibe@simplemail.top' is set on object 'Object Repository/Admin/Admin Login Page/login_email_field'

2019-11-10 16:38:04 - [TEST_STEP][PASSED] - setEncryptedText(findTestObject("Admin/Admin Login Page/login_pass_field"), "8chwvGYzQjDjBqJR/GXC+g=="): Text ****** has been set on object 'Object Repository/Admin/Admin Login Page/login_pass_field'

2019-11-10 16:38:05 - [MESSAGE][PASSED] - Text ****** has been set on object 'Object Repository/Admin/Admin Login Page/login_pass_field'

2019-11-10 16:38:05 - [TEST_STEP][PASSED] - setText(findTestObject("Admin/Admin Login Page/login_domain_field"), "fibe"): Text 'fibe' is set on object 'Object Repository/Admin/Admin Login Page/login_domain_field'

2019-11-10 16:38:05 - [MESSAGE][PASSED] - Text 'fibe' is set on object 'Object Repository/Admin/Admin Login Page/login_domain_field'

2019-11-10 16:38:05 - [TEST_STEP][PASSED] - click(findTestObject("Admin/Admin Login Page/login_button")): Object: 'Object Repository/Admin/Admin Login Page/login_button' is clicked on

2019-11-10 16:38:06 - [MESSAGE][PASSED] - Object: 'Object Repository/Admin/Admin Login Page/login_button' is clicked on]]></system-out>
         <system-err><![CDATA[]]></system-err>
      </testcase>
      <testcase name="Test Cases/Client/create_article" time="11.389" classname="Test Cases/Client/create_article" status="PASSED">
         <system-out><![CDATA[2019-11-10 16:38:06 - [TEST_CASE][PASSED] - Test Cases/Client/create_article: Test Cases/Client/create_article

2019-11-10 16:38:06 - [TEST_STEP][PASSED] - click(findTestObject("Admin/Admin Sidebar Elements/wlcm_menu_link")): Object: 'Object Repository/Admin/Admin Sidebar Elements/wlcm_menu_link' is clicked on

2019-11-10 16:38:10 - [MESSAGE][PASSED] - Object: 'Object Repository/Admin/Admin Sidebar Elements/wlcm_menu_link' is clicked on

2019-11-10 16:38:10 - [TEST_STEP][PASSED] - click(findTestObject("Admin/Admin Sidebar Elements/Content Management/expand_collaps_menu")): Object: 'Object Repository/Admin/Admin Sidebar Elements/Content Management/expand_collaps_menu' is clicked on

2019-11-10 16:38:11 - [MESSAGE][PASSED] - Object: 'Object Repository/Admin/Admin Sidebar Elements/Content Management/expand_collaps_menu' is clicked on

2019-11-10 16:38:11 - [TEST_STEP][PASSED] - click(findTestObject("Admin/Admin Sidebar Elements/Content Management/Articles/submenu_articles")): Object: 'Object Repository/Admin/Admin Sidebar Elements/Content Management/Articles/submenu_articles' is clicked on

2019-11-10 16:38:12 - [MESSAGE][PASSED] - Object: 'Object Repository/Admin/Admin Sidebar Elements/Content Management/Articles/submenu_articles' is clicked on

2019-11-10 16:38:12 - [TEST_STEP][PASSED] - click(findTestObject("Admin/Admin Sidebar Elements/Content Management/Articles/article_add_btn")): Object: 'Object Repository/Admin/Admin Sidebar Elements/Content Management/Articles/article_add_btn' is clicked on

2019-11-10 16:38:12 - [MESSAGE][PASSED] - Object: 'Object Repository/Admin/Admin Sidebar Elements/Content Management/Articles/article_add_btn' is clicked on

2019-11-10 16:38:12 - [TEST_STEP][PASSED] - setText(findTestObject("Admin/Admin Sidebar Elements/Content Management/Articles/article_name_field"), "New article"): Text 'New article' is set on object 'Object Repository/Admin/Admin Sidebar Elements/Content Management/Articles/article_name_field'

2019-11-10 16:38:13 - [MESSAGE][PASSED] - Text 'New article' is set on object 'Object Repository/Admin/Admin Sidebar Elements/Content Management/Articles/article_name_field'

2019-11-10 16:38:13 - [TEST_STEP][PASSED] - click(findTestObject("Admin/Admin Sidebar Elements/Content Management/Articles/article_add_block_btn")): Object: 'Object Repository/Admin/Admin Sidebar Elements/Content Management/Articles/article_add_block_btn' is clicked on

2019-11-10 16:38:14 - [MESSAGE][PASSED] - Object: 'Object Repository/Admin/Admin Sidebar Elements/Content Management/Articles/article_add_block_btn' is clicked on

2019-11-10 16:38:14 - [TEST_STEP][PASSED] - click(findTestObject("Admin/Admin Sidebar Elements/Content Management/Articles/article_block_add_youtube_btn")): Object: 'Object Repository/Admin/Admin Sidebar Elements/Content Management/Articles/article_block_add_youtube_btn' is clicked on

2019-11-10 16:38:14 - [MESSAGE][PASSED] - Object: 'Object Repository/Admin/Admin Sidebar Elements/Content Management/Articles/article_block_add_youtube_btn' is clicked on

2019-11-10 16:38:14 - [TEST_STEP][PASSED] - setText(findTestObject("Admin/Admin Sidebar Elements/Content Management/Articles/article_block_youtube_link"), "https://www.youtube.com/watch?v=xf6lhjW21gU"): Text 'https://www.youtube.com/watch?v=xf6lhjW21gU' is set on object 'Object Repository/Admin/Admin Sidebar Elements/Content Management/Articles/article_block_youtube_link'

2019-11-10 16:38:16 - [MESSAGE][PASSED] - Text 'https://www.youtube.com/watch?v=xf6lhjW21gU' is set on object 'Object Repository/Admin/Admin Sidebar Elements/Content Management/Articles/article_block_youtube_link'

2019-11-10 16:38:16 - [TEST_STEP][PASSED] - click(findTestObject("Admin/Admin Sidebar Elements/Content Management/Articles/article_block_youtube_save_btn")): Object: 'Object Repository/Admin/Admin Sidebar Elements/Content Management/Articles/article_block_youtube_save_btn' is clicked on

2019-11-10 16:38:17 - [MESSAGE][PASSED] - Object: 'Object Repository/Admin/Admin Sidebar Elements/Content Management/Articles/article_block_youtube_save_btn' is clicked on

2019-11-10 16:38:17 - [TEST_STEP][PASSED] - click(findTestObject("Admin/Admin Sidebar Elements/Content Management/Articles/article_save_btn")): Object: 'Object Repository/Admin/Admin Sidebar Elements/Content Management/Articles/article_save_btn' is clicked on

2019-11-10 16:38:17 - [MESSAGE][PASSED] - Object: 'Object Repository/Admin/Admin Sidebar Elements/Content Management/Articles/article_save_btn' is clicked on]]></system-out>
         <system-err><![CDATA[]]></system-err>
      </testcase>
      <system-out><![CDATA[2019-11-10 16:37:53 - [TEST_SUITE][PASSED] - Test: Test Cases/Client/create_article]]></system-out>
      <system-err><![CDATA[]]></system-err>
   </testsuite>
</testsuites>
