<?xml version="1.0" encoding="UTF-8"?>
<testsuites name="Test" time="24.34" tests="2" failures="0" errors="0">
   <testsuite name="Test" tests="2" failures="0" errors="0" time="24.34" timestamp="2019-11-12 18:31:32" hostname="macbookpro - 192.168.1.3" id="Test Suites/Test">
      <properties>
         <property name="deviceName" value=""/>
         <property name="devicePlatform" value=""/>
         <property name="logFolder" value="/Users/macbookpro/Documents/gurucan/katalon/gurucanweb/Reports/20191112_183130/Test/20191112_183130"/>
         <property name="logFiles" value="/Users/macbookpro/Documents/gurucan/katalon/gurucanweb/Reports/20191112_183130/Test/20191112_183130/execution0.log"/>
         <property name="attachments" value=""/>
         <property name="hostName" value="macbookpro - 192.168.1.3"/>
         <property name="os" value="Mac OS X 64bit"/>
         <property name="katalonVersion" value="7.0.6.1"/>
         <property name="browser" value="Chrome 78.0.3904.97"/>
         <property name="hostAddress" value="192.168.1.3"/>
         <property name="sessionId" value="2f98fe41c6fc171757e3c8652d0f3154"/>
         <property name="seleniumVersion" value="3.141.59"/>
         <property name="proxyInformation" value="ProxyInformation{proxyOption=NO_PROXY, proxyServerType=HTTP, password=, proxyServerAddress=, proxyServerPort=0}"/>
         <property name="platform" value="Mac OS X"/>
      </properties>
      <testcase name="Test Cases/Client/login_client" time="15.198" classname="Test Cases/Client/login_client" status="PASSED">
         <system-out><![CDATA[2019-11-12 18:31:32 - [TEST_CASE][PASSED] - Test Cases/Client/login_client: Test Cases/Client/login_client

2019-11-12 18:31:33 - [TEST_STEP][PASSED] - openBrowser("https://app.staging.gurucan.ru/admin/login"): Browser is opened with url: 'https://app.staging.gurucan.ru/admin/login'

2019-11-12 18:31:33 - [MESSAGE][INFO] - Starting 'Chrome' driver

2019-11-12 18:31:33 - [MESSAGE][INFO] - Action delay is set to 0 seconds

2019-11-12 18:31:42 - [MESSAGE][PASSED] - Browser is opened with url: 'https://app.staging.gurucan.ru/admin/login'

2019-11-12 18:31:42 - [TEST_STEP][PASSED] - maximizeWindow(): Current window maximized

2019-11-12 18:31:42 - [MESSAGE][PASSED] - Current window maximized

2019-11-12 18:31:42 - [TEST_STEP][PASSED] - navigateToUrl("https://app.staging.gurucan.ru/admin/login"): Navigate to 'https://app.staging.gurucan.ru/admin/login' successfully

2019-11-12 18:31:44 - [MESSAGE][PASSED] - Navigate to 'https://app.staging.gurucan.ru/admin/login' successfully

2019-11-12 18:31:44 - [TEST_STEP][PASSED] - setText(findTestObject("Admin/Admin Login Page/login_email_field"), "fibe@simplemail.top"): Text 'fibe@simplemail.top' is set on object 'Object Repository/Admin/Admin Login Page/login_email_field'

2019-11-12 18:31:46 - [MESSAGE][PASSED] - Text 'fibe@simplemail.top' is set on object 'Object Repository/Admin/Admin Login Page/login_email_field'

2019-11-12 18:31:46 - [TEST_STEP][PASSED] - setEncryptedText(findTestObject("Admin/Admin Login Page/login_pass_field"), "8chwvGYzQjDjBqJR/GXC+g=="): Text ****** has been set on object 'Object Repository/Admin/Admin Login Page/login_pass_field'

2019-11-12 18:31:46 - [MESSAGE][PASSED] - Text ****** has been set on object 'Object Repository/Admin/Admin Login Page/login_pass_field'

2019-11-12 18:31:46 - [TEST_STEP][PASSED] - setText(findTestObject("Admin/Admin Login Page/login_domain_field"), "fibe"): Text 'fibe' is set on object 'Object Repository/Admin/Admin Login Page/login_domain_field'

2019-11-12 18:31:47 - [MESSAGE][PASSED] - Text 'fibe' is set on object 'Object Repository/Admin/Admin Login Page/login_domain_field'

2019-11-12 18:31:47 - [TEST_STEP][PASSED] - click(findTestObject("Admin/Admin Login Page/login_button")): Object: 'Object Repository/Admin/Admin Login Page/login_button' is clicked on

2019-11-12 18:31:47 - [MESSAGE][PASSED] - Object: 'Object Repository/Admin/Admin Login Page/login_button' is clicked on]]></system-out>
         <system-err><![CDATA[]]></system-err>
      </testcase>
      <testcase name="Test Cases/Client/create_subscription_plan" time="8.579" classname="Test Cases/Client/create_subscription_plan" status="PASSED">
         <system-out><![CDATA[2019-11-12 18:31:47 - [TEST_CASE][PASSED] - Test Cases/Client/create_subscription_plan: Test Cases/Client/create_subscription_plan

2019-11-12 18:31:48 - [TEST_STEP][PASSED] - click(findTestObject("Admin/Admin Sidebar Elements/Subscribtions/subscription_menu")): Object: 'Object Repository/Admin/Admin Sidebar Elements/Subscribtions/subscription_menu' is clicked on

2019-11-12 18:31:53 - [MESSAGE][PASSED] - Object: 'Object Repository/Admin/Admin Sidebar Elements/Subscribtions/subscription_menu' is clicked on

2019-11-12 18:31:53 - [TEST_STEP][PASSED] - click(findTestObject("Admin/Admin Sidebar Elements/Subscribtions/create_subscription_btn")): Object: 'Object Repository/Admin/Admin Sidebar Elements/Subscribtions/create_subscription_btn' is clicked on

2019-11-12 18:31:54 - [MESSAGE][PASSED] - Object: 'Object Repository/Admin/Admin Sidebar Elements/Subscribtions/create_subscription_btn' is clicked on

2019-11-12 18:31:54 - [TEST_STEP][PASSED] - setText(findTestObject("Admin/Admin Sidebar Elements/Subscribtions/subscription_tarif_name_field"), "Tarif"): Text 'Tarif' is set on object 'Object Repository/Admin/Admin Sidebar Elements/Subscribtions/subscription_tarif_name_field'

2019-11-12 18:31:55 - [MESSAGE][PASSED] - Text 'Tarif' is set on object 'Object Repository/Admin/Admin Sidebar Elements/Subscribtions/subscription_tarif_name_field'

2019-11-12 18:31:55 - [TEST_STEP][PASSED] - click(findTestObject("Admin/Admin Sidebar Elements/Subscribtions/subscription_active_inactive_switcher")): Object: 'Object Repository/Admin/Admin Sidebar Elements/Subscribtions/subscription_active_inactive_switcher' is clicked on

2019-11-12 18:31:55 - [MESSAGE][PASSED] - Object: 'Object Repository/Admin/Admin Sidebar Elements/Subscribtions/subscription_active_inactive_switcher' is clicked on

2019-11-12 18:31:55 - [TEST_STEP][PASSED] - click(findTestObject("Admin/Admin Sidebar Elements/Subscribtions/subscription_tarif_save_btn")): Object: 'Object Repository/Admin/Admin Sidebar Elements/Subscribtions/subscription_tarif_save_btn' is clicked on

2019-11-12 18:31:56 - [MESSAGE][PASSED] - Object: 'Object Repository/Admin/Admin Sidebar Elements/Subscribtions/subscription_tarif_save_btn' is clicked on]]></system-out>
         <system-err><![CDATA[]]></system-err>
      </testcase>
      <system-out><![CDATA[2019-11-12 18:31:32 - [TEST_SUITE][PASSED] - Test: Test Cases/Client/create_subscription_plan]]></system-out>
      <system-err><![CDATA[]]></system-err>
   </testsuite>
</testsuites>
